Vivado Simulator 2018.3
Time resolution is 1 ps
                           16-bit Carry-lookahead Adder Unit Test passed
                           16-bit Carry-lookahead Adder Unit Test passed
                           16-bit Carry-lookahead Adder Unit Test passed
                           16-bit Carry-lookahead Adder Unit Test passed
                           16-bit Carry-lookahead Adder Unit Test passed
                           16-bit Carry-lookahead Adder Unit Test passed
                           16-bit Carry-lookahead Adder Unit Test passed
                           16-bit Carry-lookahead Adder Unit Test passed
                           16-bit Carry-lookahead Adder Unit Test passed
                           16-bit Carry-lookahead Adder Unit Test passed
                           16-bit Carry-lookahead Adder Unit Test passed
                           16-bit Carry-lookahead Adder Unit Test passed
                           16-bit Carry-lookahead Adder Unit Test passed
                           16-bit Carry-lookahead Adder Unit Test passed
                           16-bit Carry-lookahead Adder Unit Test passed
                           16-bit Carry-lookahead Adder Unit Test passed
                           16-bit Carry-lookahead Adder Unit Test passed
                           16-bit Carry-lookahead Adder Unit Test passed
                           16-bit Carry-lookahead Adder Unit Test passed
                           16-bit Carry-lookahead Adder Unit Test passed
                           16-bit Carry-lookahead Adder Unit Test passed
                           16-bit Carry-lookahead Adder Unit Test passed
                           16-bit Carry-lookahead Adder Unit Test passed
                           16-bit Carry-lookahead Adder Unit Test passed
                           16-bit Carry-lookahead Adder Unit Test passed
er Unit Test passed
  Carry-lookahead Adder Unit Test passed
  Carry-lookahead Adder Unit Test passed
  Carry-lookahead Adder Unit Test passed
  Carry-lookahead Adder Unit Test passed
  Carry-lookahead Adder Unit Test passed
  Carry-lookahead Adder Unit Test passed
  Carry-lookahead Adder Unit Test passed
  Carry-lookahead Adder Unit Test passed
  Carry-lookahead Adder Unit Test passed
  Carry-lookahead Adder Unit Test passed
  Carry-lookahead Adder Unit Test passed
  Carry-lookahead Adder Unit Test passed
  Carry-lookahead Adder Unit Test passed
  Carry-lookahead Adder Unit Test passed
  Carry-lookahead Adder Unit Test passed
  Carry-lookahead Adder Unit Test passed
  Carry-lookahead Adder Unit Test passed
  Carry-lookahead Adder Unit Test passed
  Carry-lookahead Adder Unit Test passed
  Carry-lookahead Adder Unit Test passed
  Carry-lookahead Adder Unit Test passed
  Carry-lookahead Adder Unit Test passed
  Carry-lookahead Adder Unit Test passed
  Carry-lookahead Adder Unit Test passed
  Carry-lookahead Adder Unit Test passed
  Carry-lookahead Adder Unit Test passed
  Carry-lookahead Adder Unit Test passed
  Carry-lookahead Adder Unit Test passed
  Carry-lookahead Adder Unit Test passed
  Carry-lookahead Adder Unit Test passed
  Carry-lookahead Adder Unit Test passed
  Carry-lookahead Adder Unit Test passed
  Carry-lookahead Adder Unit Test passed
  Carry-lookahead Adder Unit Test passed
  Carry-lookahead Adder Unit Test passed
  Carry-lookahead Adder Unit Test passed
  Carry-lookahead Adder Unit Test passed
  Carry-lookahead Adder Unit Test passed
  Carry-lookahead Adder Unit Test passed
  Carry-lookahead Adder Unit Test passed
  Carry-lookahead Adder Unit Test passed
  Carry-lookahead Adder Unit Test passed
  Carry-lookahead Adder Unit Test passed
  Carry-lookahead Adder Unit Test passed
  Carry-lookahead Adder Unit Test passed
  Carry-lookahead Adder Unit Test passed
  Carry-lookahead Adder Unit Test passed
  Carry-lookahead Adder Unit Test passed
  Carry-lookahead Adder Unit Test passed
  Carry-lookahead Adder Unit Test passed
  Carry-lookahead Adder Unit Test passed
  Carry-lookahead Adder Unit Test passed
  Carry-lookahead Adder Unit Test passed
  Carry-lookahead Adder Unit Test passed
  Carry-lookahead Adder Unit Test passed
