
*** Running vivado
    with args -log combination_lock.vdi -applog -m64 -product Vivado -messageDb vivado.pb -mode batch -source combination_lock.tcl -notrace


****** Vivado v2018.3 (64-bit)
  **** SW Build 2405991 on Thu Dec  6 23:36:41 MST 2018
  **** IP Build 2404404 on Fri Dec  7 01:43:56 MST 2018
    ** Copyright 1986-2018 Xilinx, Inc. All Rights Reserved.

source combination_lock.tcl -notrace
Command: link_design -top combination_lock -part xc7z010clg400-1
Design is defaulting to srcset: sources_1
Design is defaulting to constrset: constrs_1
INFO: [Project 1-479] Netlist was created with Vivado 2018.3
INFO: [Device 21-403] Loading part xc7z010clg400-1
INFO: [Project 1-570] Preparing netlist for logic optimization
Parsing XDC File [/home/cedar/lab10/combination_lock.xdc]
Finished Parsing XDC File [/home/cedar/lab10/combination_lock.xdc]
INFO: [Opt 31-138] Pushed 0 inverter(s) to 0 load pin(s).
Netlist sorting complete. Time (s): cpu = 00:00:00 ; elapsed = 00:00:00 . Memory (MB): peak = 1540.613 ; gain = 0.000 ; free physical = 278 ; free virtual = 4478
INFO: [Project 1-111] Unisim Transformation Summary:
No Unisim elements were transformed.

5 Infos, 0 Warnings, 0 Critical Warnings and 0 Errors encountered.
link_design completed successfully
link_design: Time (s): cpu = 00:00:06 ; elapsed = 00:00:07 . Memory (MB): peak = 1544.613 ; gain = 201.348 ; free physical = 277 ; free virtual = 4477
Command: opt_design
Attempting to get a license for feature 'Implementation' and/or device 'xc7z010'
INFO: [Common 17-349] Got license for feature 'Implementation' and/or device 'xc7z010'
Running DRC as a precondition to command opt_design

Starting DRC Task
INFO: [DRC 23-27] Running DRC with 8 threads
INFO: [Project 1-461] DRC finished with 0 Errors
INFO: [Project 1-462] Please refer to the DRC report (report_drc) for more information.

Time (s): cpu = 00:00:02 ; elapsed = 00:00:02 . Memory (MB): peak = 1623.645 ; gain = 79.031 ; free physical = 268 ; free virtual = 4469

Starting Cache Timing Information Task
INFO: [Timing 38-35] Done setting XDC timing constraints.
Ending Cache Timing Information Task | Checksum: 14a3d8f3f

Time (s): cpu = 00:00:10 ; elapsed = 00:00:10 . Memory (MB): peak = 2049.207 ; gain = 425.562 ; free physical = 139 ; free virtual = 4077

Starting Logic Optimization Task

Phase 1 Retarget
INFO: [Opt 31-138] Pushed 0 inverter(s) to 0 load pin(s).
INFO: [Opt 31-49] Retargeted 0 cell(s).
Phase 1 Retarget | Checksum: 14a3d8f3f

Time (s): cpu = 00:00:00.02 ; elapsed = 00:00:00.02 . Memory (MB): peak = 2127.207 ; gain = 0.000 ; free physical = 126 ; free virtual = 4037
INFO: [Opt 31-389] Phase Retarget created 0 cells and removed 0 cells

Phase 2 Constant propagation
INFO: [Opt 31-138] Pushed 0 inverter(s) to 0 load pin(s).
Phase 2 Constant propagation | Checksum: 14a3d8f3f

Time (s): cpu = 00:00:00.02 ; elapsed = 00:00:00.02 . Memory (MB): peak = 2127.207 ; gain = 0.000 ; free physical = 126 ; free virtual = 4037
INFO: [Opt 31-389] Phase Constant propagation created 0 cells and removed 0 cells

Phase 3 Sweep
Phase 3 Sweep | Checksum: 14a3d8f3f

Time (s): cpu = 00:00:00.02 ; elapsed = 00:00:00.02 . Memory (MB): peak = 2127.207 ; gain = 0.000 ; free physical = 126 ; free virtual = 4037
INFO: [Opt 31-389] Phase Sweep created 0 cells and removed 0 cells

Phase 4 BUFG optimization
Phase 4 BUFG optimization | Checksum: 14a3d8f3f

Time (s): cpu = 00:00:00.02 ; elapsed = 00:00:00.03 . Memory (MB): peak = 2127.207 ; gain = 0.000 ; free physical = 126 ; free virtual = 4037
INFO: [Opt 31-662] Phase BUFG optimization created 0 cells of which 0 are BUFGs and removed 0 cells.

Phase 5 Shift Register Optimization
Phase 5 Shift Register Optimization | Checksum: 14a3d8f3f

Time (s): cpu = 00:00:00.03 ; elapsed = 00:00:00.04 . Memory (MB): peak = 2127.207 ; gain = 0.000 ; free physical = 126 ; free virtual = 4037
INFO: [Opt 31-389] Phase Shift Register Optimization created 0 cells and removed 0 cells

Phase 6 Post Processing Netlist
Phase 6 Post Processing Netlist | Checksum: 14a3d8f3f

Time (s): cpu = 00:00:00.03 ; elapsed = 00:00:00.04 . Memory (MB): peak = 2127.207 ; gain = 0.000 ; free physical = 126 ; free virtual = 4037
INFO: [Opt 31-389] Phase Post Processing Netlist created 0 cells and removed 0 cells
Opt_design Change Summary
=========================


-------------------------------------------------------------------------------------------------------------------------
|  Phase                        |  #Cells created  |  #Cells Removed  |  #Constrained objects preventing optimizations  |
-------------------------------------------------------------------------------------------------------------------------
|  Retarget                     |               0  |               0  |                                              0  |
|  Constant propagation         |               0  |               0  |                                              0  |
|  Sweep                        |               0  |               0  |                                              0  |
|  BUFG optimization            |               0  |               0  |                                              0  |
|  Shift Register Optimization  |               0  |               0  |                                              0  |
|  Post Processing Netlist      |               0  |               0  |                                              0  |
-------------------------------------------------------------------------------------------------------------------------



Starting Connectivity Check Task

Time (s): cpu = 00:00:00 ; elapsed = 00:00:00 . Memory (MB): peak = 2127.207 ; gain = 0.000 ; free physical = 126 ; free virtual = 4037
Ending Logic Optimization Task | Checksum: 14a3d8f3f

Time (s): cpu = 00:00:00.03 ; elapsed = 00:00:00.04 . Memory (MB): peak = 2127.207 ; gain = 0.000 ; free physical = 126 ; free virtual = 4037

Starting Power Optimization Task
INFO: [Pwropt 34-132] Skipping clock gating for clocks with a period < 2.00 ns.
Ending Power Optimization Task | Checksum: 14a3d8f3f

Time (s): cpu = 00:00:00.01 ; elapsed = 00:00:00.03 . Memory (MB): peak = 2127.207 ; gain = 0.000 ; free physical = 125 ; free virtual = 4036

Starting Final Cleanup Task
Ending Final Cleanup Task | Checksum: 14a3d8f3f

Time (s): cpu = 00:00:00 ; elapsed = 00:00:00 . Memory (MB): peak = 2127.207 ; gain = 0.000 ; free physical = 125 ; free virtual = 4036

Starting Netlist Obfuscation Task
Netlist sorting complete. Time (s): cpu = 00:00:00 ; elapsed = 00:00:00 . Memory (MB): peak = 2127.207 ; gain = 0.000 ; free physical = 125 ; free virtual = 4036
Ending Netlist Obfuscation Task | Checksum: 14a3d8f3f

Time (s): cpu = 00:00:00 ; elapsed = 00:00:00 . Memory (MB): peak = 2127.207 ; gain = 0.000 ; free physical = 125 ; free virtual = 4036
INFO: [Common 17-83] Releasing license: Implementation
21 Infos, 0 Warnings, 0 Critical Warnings and 0 Errors encountered.
opt_design completed successfully
opt_design: Time (s): cpu = 00:00:13 ; elapsed = 00:00:14 . Memory (MB): peak = 2127.207 ; gain = 582.594 ; free physical = 125 ; free virtual = 4036
Netlist sorting complete. Time (s): cpu = 00:00:00 ; elapsed = 00:00:00 . Memory (MB): peak = 2127.207 ; gain = 0.000 ; free physical = 125 ; free virtual = 4036
INFO: [Timing 38-480] Writing timing data to binary archive.
Writing placer database...
Writing XDEF routing.
Writing XDEF routing logical nets.
Writing XDEF routing special nets.
Write XDEF Complete: Time (s): cpu = 00:00:00.06 ; elapsed = 00:00:00.03 . Memory (MB): peak = 2159.223 ; gain = 0.000 ; free physical = 122 ; free virtual = 4034
Netlist sorting complete. Time (s): cpu = 00:00:00 ; elapsed = 00:00:00 . Memory (MB): peak = 2159.223 ; gain = 0.000 ; free physical = 122 ; free virtual = 4035
INFO: [Common 17-1381] The checkpoint '/home/cedar/lab10/lab10.runs/impl_1/combination_lock_opt.dcp' has been generated.
INFO: [runtcl-4] Executing : report_drc -file combination_lock_drc_opted.rpt -pb combination_lock_drc_opted.pb -rpx combination_lock_drc_opted.rpx
Command: report_drc -file combination_lock_drc_opted.rpt -pb combination_lock_drc_opted.pb -rpx combination_lock_drc_opted.rpx
INFO: [IP_Flow 19-234] Refreshing IP repositories
INFO: [IP_Flow 19-1704] No user IP repositories specified
INFO: [IP_Flow 19-2313] Loaded Vivado IP repository '/home/cedar/Xilinx/Vivado/2018.3/data/ip'.
INFO: [DRC 23-27] Running DRC with 8 threads
INFO: [Coretcl 2-168] The results of DRC are in file /home/cedar/lab10/lab10.runs/impl_1/combination_lock_drc_opted.rpt.
report_drc completed successfully
report_drc: Time (s): cpu = 00:00:05 ; elapsed = 00:00:06 . Memory (MB): peak = 2231.258 ; gain = 72.035 ; free physical = 136 ; free virtual = 4020
Command: place_design
Attempting to get a license for feature 'Implementation' and/or device 'xc7z010'
INFO: [Common 17-349] Got license for feature 'Implementation' and/or device 'xc7z010'
INFO: [DRC 23-27] Running DRC with 8 threads
INFO: [Vivado_Tcl 4-198] DRC finished with 0 Errors
INFO: [Vivado_Tcl 4-199] Please refer to the DRC report (report_drc) for more information.
Running DRC as a precondition to command place_design
INFO: [DRC 23-27] Running DRC with 8 threads
INFO: [Vivado_Tcl 4-198] DRC finished with 0 Errors
INFO: [Vivado_Tcl 4-199] Please refer to the DRC report (report_drc) for more information.

Starting Placer Task
INFO: [Place 30-611] Multithreading enabled for place_design using a maximum of 8 CPUs

Phase 1 Placer Initialization

Phase 1.1 Placer Initialization Netlist Sorting
Netlist sorting complete. Time (s): cpu = 00:00:00 ; elapsed = 00:00:00 . Memory (MB): peak = 2231.258 ; gain = 0.000 ; free physical = 135 ; free virtual = 4018
Phase 1.1 Placer Initialization Netlist Sorting | Checksum: 10947133b

Time (s): cpu = 00:00:00 ; elapsed = 00:00:00.04 . Memory (MB): peak = 2231.258 ; gain = 0.000 ; free physical = 135 ; free virtual = 4018
Netlist sorting complete. Time (s): cpu = 00:00:00 ; elapsed = 00:00:00 . Memory (MB): peak = 2231.258 ; gain = 0.000 ; free physical = 135 ; free virtual = 4018

Phase 1.2 IO Placement/ Clock Placement/ Build Placer Device
INFO: [Timing 38-35] Done setting XDC timing constraints.
Phase 1.2 IO Placement/ Clock Placement/ Build Placer Device | Checksum: 147c97f21

Time (s): cpu = 00:00:00.40 ; elapsed = 00:00:00.30 . Memory (MB): peak = 2231.258 ; gain = 0.000 ; free physical = 119 ; free virtual = 4007

Phase 1.3 Build Placer Netlist Model
Phase 1.3 Build Placer Netlist Model | Checksum: 1b8fc6ce7

Time (s): cpu = 00:00:00.49 ; elapsed = 00:00:00.36 . Memory (MB): peak = 2231.258 ; gain = 0.000 ; free physical = 152 ; free virtual = 4016

Phase 1.4 Constrain Clocks/Macros
Phase 1.4 Constrain Clocks/Macros | Checksum: 1b8fc6ce7

Time (s): cpu = 00:00:00.49 ; elapsed = 00:00:00.36 . Memory (MB): peak = 2231.258 ; gain = 0.000 ; free physical = 155 ; free virtual = 4016
Phase 1 Placer Initialization | Checksum: 1b8fc6ce7

Time (s): cpu = 00:00:00.49 ; elapsed = 00:00:00.36 . Memory (MB): peak = 2231.258 ; gain = 0.000 ; free physical = 155 ; free virtual = 4016

Phase 2 Global Placement

Phase 2.1 Floorplanning
Phase 2.1 Floorplanning | Checksum: 199ab83d8

Time (s): cpu = 00:00:00.57 ; elapsed = 00:00:00.39 . Memory (MB): peak = 2231.258 ; gain = 0.000 ; free physical = 155 ; free virtual = 4017

Phase 2.2 Physical Synthesis In Placer
INFO: [Physopt 32-65] No nets found for high-fanout optimization.
INFO: [Physopt 32-232] Optimized 0 net. Created 0 new instance.
INFO: [Physopt 32-775] End 1 Pass. Optimized 0 net or cell. Created 0 new cell, deleted 0 existing cell and moved 0 existing cell
INFO: [Physopt 32-670] No setup violation found.  DSP Register Optimization was not performed.
INFO: [Physopt 32-670] No setup violation found.  Shift Register Optimization was not performed.
INFO: [Physopt 32-670] No setup violation found.  BRAM Register Optimization was not performed.
INFO: [Physopt 32-949] No candidate nets found for HD net replication
INFO: [Physopt 32-775] End 1 Pass. Optimized 0 net or cell. Created 0 new cell, deleted 0 existing cell and moved 0 existing cell
Netlist sorting complete. Time (s): cpu = 00:00:00 ; elapsed = 00:00:00 . Memory (MB): peak = 2231.258 ; gain = 0.000 ; free physical = 149 ; free virtual = 4014

Summary of Physical Synthesis Optimizations
============================================


----------------------------------------------------------------------------------------------------------------------------------------
|  Optimization                  |  Added Cells  |  Removed Cells  |  Optimized Cells/Nets  |  Dont Touch  |  Iterations  |  Elapsed   |
----------------------------------------------------------------------------------------------------------------------------------------
|  Very High Fanout              |            0  |              0  |                     0  |           0  |           1  |  00:00:00  |
|  DSP Register                  |            0  |              0  |                     0  |           0  |           0  |  00:00:00  |
|  Shift Register                |            0  |              0  |                     0  |           0  |           0  |  00:00:00  |
|  BRAM Register                 |            0  |              0  |                     0  |           0  |           0  |  00:00:00  |
|  HD Interface Net Replication  |            0  |              0  |                     0  |           0  |           1  |  00:00:00  |
|  Total                         |            0  |              0  |                     0  |           0  |           2  |  00:00:00  |
----------------------------------------------------------------------------------------------------------------------------------------


Phase 2.2 Physical Synthesis In Placer | Checksum: 15438c9ab

Time (s): cpu = 00:00:02 ; elapsed = 00:00:00.82 . Memory (MB): peak = 2231.258 ; gain = 0.000 ; free physical = 149 ; free virtual = 4014
Phase 2 Global Placement | Checksum: 1cb218494

Time (s): cpu = 00:00:02 ; elapsed = 00:00:00.86 . Memory (MB): peak = 2231.258 ; gain = 0.000 ; free physical = 149 ; free virtual = 4014

Phase 3 Detail Placement

Phase 3.1 Commit Multi Column Macros
Phase 3.1 Commit Multi Column Macros | Checksum: 1cb218494

Time (s): cpu = 00:00:02 ; elapsed = 00:00:00.87 . Memory (MB): peak = 2231.258 ; gain = 0.000 ; free physical = 149 ; free virtual = 4014

Phase 3.2 Commit Most Macros & LUTRAMs
Phase 3.2 Commit Most Macros & LUTRAMs | Checksum: 245a8a0f0

Time (s): cpu = 00:00:02 ; elapsed = 00:00:00.89 . Memory (MB): peak = 2231.258 ; gain = 0.000 ; free physical = 148 ; free virtual = 4014

Phase 3.3 Area Swap Optimization
Phase 3.3 Area Swap Optimization | Checksum: 1c1362f25

Time (s): cpu = 00:00:02 ; elapsed = 00:00:00.89 . Memory (MB): peak = 2231.258 ; gain = 0.000 ; free physical = 148 ; free virtual = 4014

Phase 3.4 Pipeline Register Optimization
Phase 3.4 Pipeline Register Optimization | Checksum: 1a3d1b36d

Time (s): cpu = 00:00:02 ; elapsed = 00:00:00.90 . Memory (MB): peak = 2231.258 ; gain = 0.000 ; free physical = 148 ; free virtual = 4014

Phase 3.5 Small Shape Detail Placement
Phase 3.5 Small Shape Detail Placement | Checksum: ca85cdea

Time (s): cpu = 00:00:02 ; elapsed = 00:00:00.96 . Memory (MB): peak = 2231.258 ; gain = 0.000 ; free physical = 148 ; free virtual = 4013

Phase 3.6 Re-assign LUT pins
Phase 3.6 Re-assign LUT pins | Checksum: 1004f7803

Time (s): cpu = 00:00:02 ; elapsed = 00:00:00.96 . Memory (MB): peak = 2231.258 ; gain = 0.000 ; free physical = 148 ; free virtual = 4013

Phase 3.7 Pipeline Register Optimization
Phase 3.7 Pipeline Register Optimization | Checksum: 18390f9a7

Time (s): cpu = 00:00:02 ; elapsed = 00:00:00.97 . Memory (MB): peak = 2231.258 ; gain = 0.000 ; free physical = 148 ; free virtual = 4013
Phase 3 Detail Placement | Checksum: 18390f9a7

Time (s): cpu = 00:00:02 ; elapsed = 00:00:00.97 . Memory (MB): peak = 2231.258 ; gain = 0.000 ; free physical = 148 ; free virtual = 4013

Phase 4 Post Placement Optimization and Clean-Up

Phase 4.1 Post Commit Optimization
INFO: [Timing 38-35] Done setting XDC timing constraints.

Phase 4.1.1 Post Placement Optimization
Post Placement Optimization Initialization | Checksum: 17e592ab2

Phase 4.1.1.1 BUFG Insertion
INFO: [Place 46-46] BUFG insertion identified 0 candidate nets, 0 success, 0 bufg driver replicated, 0 skipped for placement/routing, 0 skipped for timing, 0 skipped for netlist change reason
Phase 4.1.1.1 BUFG Insertion | Checksum: 17e592ab2

Time (s): cpu = 00:00:02 ; elapsed = 00:00:01 . Memory (MB): peak = 2231.258 ; gain = 0.000 ; free physical = 148 ; free virtual = 4014
INFO: [Place 30-746] Post Placement Timing Summary WNS=17.373. For the most accurate timing information please run report_timing.
Phase 4.1.1 Post Placement Optimization | Checksum: d3adee59

Time (s): cpu = 00:00:02 ; elapsed = 00:00:01 . Memory (MB): peak = 2231.258 ; gain = 0.000 ; free physical = 148 ; free virtual = 4014
Phase 4.1 Post Commit Optimization | Checksum: d3adee59

Time (s): cpu = 00:00:02 ; elapsed = 00:00:01 . Memory (MB): peak = 2231.258 ; gain = 0.000 ; free physical = 148 ; free virtual = 4014

Phase 4.2 Post Placement Cleanup
Phase 4.2 Post Placement Cleanup | Checksum: d3adee59

Time (s): cpu = 00:00:02 ; elapsed = 00:00:01 . Memory (MB): peak = 2231.258 ; gain = 0.000 ; free physical = 147 ; free virtual = 4014

Phase 4.3 Placer Reporting
Phase 4.3 Placer Reporting | Checksum: d3adee59

Time (s): cpu = 00:00:02 ; elapsed = 00:00:01 . Memory (MB): peak = 2231.258 ; gain = 0.000 ; free physical = 147 ; free virtual = 4014

Phase 4.4 Final Placement Cleanup
Netlist sorting complete. Time (s): cpu = 00:00:00 ; elapsed = 00:00:00 . Memory (MB): peak = 2231.258 ; gain = 0.000 ; free physical = 147 ; free virtual = 4014
Phase 4.4 Final Placement Cleanup | Checksum: edd7ea26

Time (s): cpu = 00:00:02 ; elapsed = 00:00:01 . Memory (MB): peak = 2231.258 ; gain = 0.000 ; free physical = 147 ; free virtual = 4014
Phase 4 Post Placement Optimization and Clean-Up | Checksum: edd7ea26

Time (s): cpu = 00:00:02 ; elapsed = 00:00:01 . Memory (MB): peak = 2231.258 ; gain = 0.000 ; free physical = 147 ; free virtual = 4014
Ending Placer Task | Checksum: e3b12b3b

Time (s): cpu = 00:00:02 ; elapsed = 00:00:01 . Memory (MB): peak = 2231.258 ; gain = 0.000 ; free physical = 151 ; free virtual = 4017
INFO: [Common 17-83] Releasing license: Implementation
50 Infos, 0 Warnings, 0 Critical Warnings and 0 Errors encountered.
place_design completed successfully
Netlist sorting complete. Time (s): cpu = 00:00:00 ; elapsed = 00:00:00 . Memory (MB): peak = 2231.258 ; gain = 0.000 ; free physical = 151 ; free virtual = 4017
INFO: [Timing 38-480] Writing timing data to binary archive.
Writing placer database...
Writing XDEF routing.
Writing XDEF routing logical nets.
Writing XDEF routing special nets.
Write XDEF Complete: Time (s): cpu = 00:00:00.08 ; elapsed = 00:00:00.02 . Memory (MB): peak = 2231.258 ; gain = 0.000 ; free physical = 150 ; free virtual = 4018
Netlist sorting complete. Time (s): cpu = 00:00:00 ; elapsed = 00:00:00 . Memory (MB): peak = 2231.258 ; gain = 0.000 ; free physical = 150 ; free virtual = 4018
INFO: [Common 17-1381] The checkpoint '/home/cedar/lab10/lab10.runs/impl_1/combination_lock_placed.dcp' has been generated.
INFO: [runtcl-4] Executing : report_io -file combination_lock_io_placed.rpt
report_io: Time (s): cpu = 00:00:00.17 ; elapsed = 00:00:00.25 . Memory (MB): peak = 2231.258 ; gain = 0.000 ; free physical = 140 ; free virtual = 4006
INFO: [runtcl-4] Executing : report_utilization -file combination_lock_utilization_placed.rpt -pb combination_lock_utilization_placed.pb
INFO: [runtcl-4] Executing : report_control_sets -verbose -file combination_lock_control_sets_placed.rpt
report_control_sets: Time (s): cpu = 00:00:00.06 ; elapsed = 00:00:00.14 . Memory (MB): peak = 2231.258 ; gain = 0.000 ; free physical = 146 ; free virtual = 4012
Command: route_design
Attempting to get a license for feature 'Implementation' and/or device 'xc7z010'
INFO: [Common 17-349] Got license for feature 'Implementation' and/or device 'xc7z010'
Running DRC as a precondition to command route_design
INFO: [DRC 23-27] Running DRC with 8 threads
INFO: [Vivado_Tcl 4-198] DRC finished with 0 Errors
INFO: [Vivado_Tcl 4-199] Please refer to the DRC report (report_drc) for more information.


Starting Routing Task
INFO: [Route 35-254] Multithreading enabled for route_design using a maximum of 8 CPUs
Checksum: PlaceDB: 66ae0f2d ConstDB: 0 ShapeSum: 7d031c0e RouteDB: 0

Phase 1 Build RT Design
Phase 1 Build RT Design | Checksum: fce5279c

Time (s): cpu = 00:00:14 ; elapsed = 00:00:13 . Memory (MB): peak = 2251.863 ; gain = 20.605 ; free physical = 144 ; free virtual = 3960
Post Restoration Checksum: NetGraph: 9e5fb1d0 NumContArr: 5e8575cc Constraints: 0 Timing: 0

Phase 2 Router Initialization

Phase 2.1 Create Timer
Phase 2.1 Create Timer | Checksum: fce5279c

Time (s): cpu = 00:00:14 ; elapsed = 00:00:13 . Memory (MB): peak = 2267.859 ; gain = 36.602 ; free physical = 119 ; free virtual = 3935

Phase 2.2 Fix Topology Constraints
Phase 2.2 Fix Topology Constraints | Checksum: fce5279c

Time (s): cpu = 00:00:14 ; elapsed = 00:00:13 . Memory (MB): peak = 2294.859 ; gain = 63.602 ; free physical = 105 ; free virtual = 3904

Phase 2.3 Pre Route Cleanup
Phase 2.3 Pre Route Cleanup | Checksum: fce5279c

Time (s): cpu = 00:00:14 ; elapsed = 00:00:13 . Memory (MB): peak = 2294.859 ; gain = 63.602 ; free physical = 108 ; free virtual = 3904
 Number of Nodes with overlaps = 0

Phase 2.4 Update Timing
Phase 2.4 Update Timing | Checksum: 1d175816f

Time (s): cpu = 00:00:14 ; elapsed = 00:00:13 . Memory (MB): peak = 2307.883 ; gain = 76.625 ; free physical = 143 ; free virtual = 3899
INFO: [Route 35-416] Intermediate Timing Summary | WNS=17.244 | TNS=0.000  | WHS=-0.070 | THS=-0.242 |

Phase 2 Router Initialization | Checksum: 1d8b34867

Time (s): cpu = 00:00:14 ; elapsed = 00:00:13 . Memory (MB): peak = 2307.883 ; gain = 76.625 ; free physical = 143 ; free virtual = 3899

Phase 3 Initial Routing
Phase 3 Initial Routing | Checksum: 18b61b3a3

Time (s): cpu = 00:00:14 ; elapsed = 00:00:13 . Memory (MB): peak = 2309.887 ; gain = 78.629 ; free physical = 143 ; free virtual = 3898

Phase 4 Rip-up And Reroute

Phase 4.1 Global Iteration 0
 Number of Nodes with overlaps = 1
 Number of Nodes with overlaps = 0
INFO: [Route 35-416] Intermediate Timing Summary | WNS=17.421 | TNS=0.000  | WHS=N/A    | THS=N/A    |

Phase 4.1 Global Iteration 0 | Checksum: 1e3a2a756

Time (s): cpu = 00:00:15 ; elapsed = 00:00:13 . Memory (MB): peak = 2309.887 ; gain = 78.629 ; free physical = 139 ; free virtual = 3895
Phase 4 Rip-up And Reroute | Checksum: 1e3a2a756

Time (s): cpu = 00:00:15 ; elapsed = 00:00:13 . Memory (MB): peak = 2309.887 ; gain = 78.629 ; free physical = 139 ; free virtual = 3895

Phase 5 Delay and Skew Optimization

Phase 5.1 Delay CleanUp
Phase 5.1 Delay CleanUp | Checksum: 1e3a2a756

Time (s): cpu = 00:00:15 ; elapsed = 00:00:13 . Memory (MB): peak = 2309.887 ; gain = 78.629 ; free physical = 139 ; free virtual = 3895

Phase 5.2 Clock Skew Optimization
Phase 5.2 Clock Skew Optimization | Checksum: 1e3a2a756

Time (s): cpu = 00:00:15 ; elapsed = 00:00:13 . Memory (MB): peak = 2309.887 ; gain = 78.629 ; free physical = 139 ; free virtual = 3895
Phase 5 Delay and Skew Optimization | Checksum: 1e3a2a756

Time (s): cpu = 00:00:15 ; elapsed = 00:00:13 . Memory (MB): peak = 2309.887 ; gain = 78.629 ; free physical = 139 ; free virtual = 3895

Phase 6 Post Hold Fix

Phase 6.1 Hold Fix Iter

Phase 6.1.1 Update Timing
Phase 6.1.1 Update Timing | Checksum: 186d999b3

Time (s): cpu = 00:00:15 ; elapsed = 00:00:13 . Memory (MB): peak = 2309.887 ; gain = 78.629 ; free physical = 139 ; free virtual = 3895
INFO: [Route 35-416] Intermediate Timing Summary | WNS=17.574 | TNS=0.000  | WHS=0.207  | THS=0.000  |

Phase 6.1 Hold Fix Iter | Checksum: 186d999b3

Time (s): cpu = 00:00:15 ; elapsed = 00:00:13 . Memory (MB): peak = 2309.887 ; gain = 78.629 ; free physical = 139 ; free virtual = 3895
Phase 6 Post Hold Fix | Checksum: 186d999b3

Time (s): cpu = 00:00:15 ; elapsed = 00:00:13 . Memory (MB): peak = 2309.887 ; gain = 78.629 ; free physical = 139 ; free virtual = 3895

Phase 7 Route finalize

Router Utilization Summary
  Global Vertical Routing Utilization    = 0.0451858 %
  Global Horizontal Routing Utilization  = 0.00551471 %
  Routable Net Status*
  *Does not include unroutable nets such as driverless and loadless.
  Run report_route_status for detailed report.
  Number of Failed Nets               = 0
  Number of Unrouted Nets             = 0
  Number of Partially Routed Nets     = 0
  Number of Node Overlaps             = 0

Phase 7 Route finalize | Checksum: 186d999b3

Time (s): cpu = 00:00:15 ; elapsed = 00:00:13 . Memory (MB): peak = 2309.887 ; gain = 78.629 ; free physical = 140 ; free virtual = 3896

Phase 8 Verifying routed nets

 Verification completed successfully
Phase 8 Verifying routed nets | Checksum: 186d999b3

Time (s): cpu = 00:00:15 ; elapsed = 00:00:13 . Memory (MB): peak = 2311.887 ; gain = 80.629 ; free physical = 139 ; free virtual = 3895

Phase 9 Depositing Routes
Phase 9 Depositing Routes | Checksum: deeb2e39

Time (s): cpu = 00:00:15 ; elapsed = 00:00:13 . Memory (MB): peak = 2311.887 ; gain = 80.629 ; free physical = 139 ; free virtual = 3895

Phase 10 Post Router Timing
INFO: [Route 35-57] Estimated Timing Summary | WNS=17.574 | TNS=0.000  | WHS=0.207  | THS=0.000  |

INFO: [Route 35-327] The final timing numbers are based on the router estimated timing analysis. For a complete and accurate timing signoff, please run report_timing_summary.
Phase 10 Post Router Timing | Checksum: deeb2e39

Time (s): cpu = 00:00:15 ; elapsed = 00:00:13 . Memory (MB): peak = 2311.887 ; gain = 80.629 ; free physical = 139 ; free virtual = 3895
INFO: [Route 35-16] Router Completed Successfully

Time (s): cpu = 00:00:15 ; elapsed = 00:00:13 . Memory (MB): peak = 2311.887 ; gain = 80.629 ; free physical = 169 ; free virtual = 3925

Routing Is Done.
INFO: [Common 17-83] Releasing license: Implementation
67 Infos, 0 Warnings, 0 Critical Warnings and 0 Errors encountered.
route_design completed successfully
route_design: Time (s): cpu = 00:00:17 ; elapsed = 00:00:16 . Memory (MB): peak = 2311.887 ; gain = 80.629 ; free physical = 169 ; free virtual = 3925
Netlist sorting complete. Time (s): cpu = 00:00:00 ; elapsed = 00:00:00 . Memory (MB): peak = 2311.887 ; gain = 0.000 ; free physical = 169 ; free virtual = 3925
INFO: [Timing 38-480] Writing timing data to binary archive.
Writing placer database...
Writing XDEF routing.
Writing XDEF routing logical nets.
Writing XDEF routing special nets.
Write XDEF Complete: Time (s): cpu = 00:00:00.06 ; elapsed = 00:00:00.02 . Memory (MB): peak = 2311.887 ; gain = 0.000 ; free physical = 168 ; free virtual = 3926
Netlist sorting complete. Time (s): cpu = 00:00:00 ; elapsed = 00:00:00 . Memory (MB): peak = 2311.887 ; gain = 0.000 ; free physical = 167 ; free virtual = 3925
INFO: [Common 17-1381] The checkpoint '/home/cedar/lab10/lab10.runs/impl_1/combination_lock_routed.dcp' has been generated.
INFO: [runtcl-4] Executing : report_drc -file combination_lock_drc_routed.rpt -pb combination_lock_drc_routed.pb -rpx combination_lock_drc_routed.rpx
Command: report_drc -file combination_lock_drc_routed.rpt -pb combination_lock_drc_routed.pb -rpx combination_lock_drc_routed.rpx
INFO: [IP_Flow 19-1839] IP Catalog is up to date.
INFO: [DRC 23-27] Running DRC with 8 threads
INFO: [Coretcl 2-168] The results of DRC are in file /home/cedar/lab10/lab10.runs/impl_1/combination_lock_drc_routed.rpt.
report_drc completed successfully
INFO: [runtcl-4] Executing : report_methodology -file combination_lock_methodology_drc_routed.rpt -pb combination_lock_methodology_drc_routed.pb -rpx combination_lock_methodology_drc_routed.rpx
Command: report_methodology -file combination_lock_methodology_drc_routed.rpt -pb combination_lock_methodology_drc_routed.pb -rpx combination_lock_methodology_drc_routed.rpx
INFO: [Timing 38-35] Done setting XDC timing constraints.
INFO: [DRC 23-133] Running Methodology with 8 threads
INFO: [Coretcl 2-1520] The results of Report Methodology are in file /home/cedar/lab10/lab10.runs/impl_1/combination_lock_methodology_drc_routed.rpt.
report_methodology completed successfully
INFO: [runtcl-4] Executing : report_power -file combination_lock_power_routed.rpt -pb combination_lock_power_summary_routed.pb -rpx combination_lock_power_routed.rpx
Command: report_power -file combination_lock_power_routed.rpt -pb combination_lock_power_summary_routed.pb -rpx combination_lock_power_routed.rpx
INFO: [Timing 38-35] Done setting XDC timing constraints.
Running Vector-less Activity Propagation...

Finished Running Vector-less Activity Propagation
79 Infos, 0 Warnings, 0 Critical Warnings and 0 Errors encountered.
report_power completed successfully
INFO: [runtcl-4] Executing : report_route_status -file combination_lock_route_status.rpt -pb combination_lock_route_status.pb
INFO: [runtcl-4] Executing : report_timing_summary -max_paths 10 -file combination_lock_timing_summary_routed.rpt -pb combination_lock_timing_summary_routed.pb -rpx combination_lock_timing_summary_routed.rpx -warn_on_violation 
INFO: [Timing 38-91] UpdateTimingParams: Speed grade: -1, Delay Type: min_max.
INFO: [Timing 38-191] Multithreading enabled for timing update using a maximum of 8 CPUs
INFO: [runtcl-4] Executing : report_incremental_reuse -file combination_lock_incremental_reuse_routed.rpt
INFO: [Vivado_Tcl 4-1062] Incremental flow is disabled. No incremental reuse Info to report.
INFO: [runtcl-4] Executing : report_clock_utilization -file combination_lock_clock_utilization_routed.rpt
INFO: [runtcl-4] Executing : report_bus_skew -warn_on_violation -file combination_lock_bus_skew_routed.rpt -pb combination_lock_bus_skew_routed.pb -rpx combination_lock_bus_skew_routed.rpx
INFO: [Timing 38-91] UpdateTimingParams: Speed grade: -1, Delay Type: min_max.
INFO: [Timing 38-191] Multithreading enabled for timing update using a maximum of 8 CPUs
INFO: [Common 17-206] Exiting Vivado at Wed Nov 11 11:05:04 2020...
