Copyright 1986-2018 Xilinx, Inc. All Rights Reserved.
--------------------------------------------------------------------------------------------------------------------------------------------------------------------------------------------------------------
| Tool Version : Vivado v.2018.3 (lin64) Build 2405991 Thu Dec  6 23:36:41 MST 2018
| Date         : Fri Nov  5 17:21:14 2021
| Host         : cedar-ThinkPad-T420 running 64-bit Ubuntu 20.04.3 LTS
| Command      : report_timing_summary -max_paths 10 -file clock_divider_timing_summary_routed.rpt -pb clock_divider_timing_summary_routed.pb -rpx clock_divider_timing_summary_routed.rpx -warn_on_violation
| Design       : clock_divider
| Device       : 7z010i-clg225
| Speed File   : -1L  PRODUCTION 1.11 2014-09-11
--------------------------------------------------------------------------------------------------------------------------------------------------------------------------------------------------------------

Timing Summary Report

------------------------------------------------------------------------------------------------
| Timer Settings
| --------------
------------------------------------------------------------------------------------------------

  Enable Multi Corner Analysis               :  Yes
  Enable Pessimism Removal                   :  Yes
  Pessimism Removal Resolution               :  Nearest Common Node
  Enable Input Delay Default Clock           :  No
  Enable Preset / Clear Arcs                 :  No
  Disable Flight Delays                      :  No
  Ignore I/O Paths                           :  No
  Timing Early Launch at Borrowing Latches   :  false

  Corner  Analyze    Analyze    
  Name    Max Paths  Min Paths  
  ------  ---------  ---------  
  Slow    Yes        Yes        
  Fast    Yes        Yes        



check_timing report

Table of Contents
-----------------
1. checking no_clock
2. checking constant_clock
3. checking pulse_width_clock
4. checking unconstrained_internal_endpoints
5. checking no_input_delay
6. checking no_output_delay
7. checking multiple_clock
8. checking generated_clocks
9. checking loops
10. checking partial_input_delay
11. checking partial_output_delay
12. checking latch_loops

1. checking no_clock
--------------------
 There are 0 register/latch pins with no clock.


2. checking constant_clock
--------------------------
 There are 0 register/latch pins with constant_clock.


3. checking pulse_width_clock
-----------------------------
 There are 0 register/latch pins which need pulse_width check


4. checking unconstrained_internal_endpoints
--------------------------------------------
 There are 0 pins that are not constrained for maximum delay.

 There are 0 pins that are not constrained for maximum delay due to constant clock.


5. checking no_input_delay
--------------------------
 There are 0 input ports with no input delay specified.

 There are 0 input ports with no input delay but user has a false path constraint.


6. checking no_output_delay
---------------------------
 There are 4 ports with no output delay specified. (HIGH)

 There are 0 ports with no output delay but user has a false path constraint

 There are 0 ports with no output delay but with a timing clock defined on it or propagating through it


7. checking multiple_clock
--------------------------
 There are 0 register/latch pins with multiple clocks.


8. checking generated_clocks
----------------------------
 There are 0 generated clocks that are not connected to a clock source.


9. checking loops
-----------------
 There are 0 combinational loops in the design.


10. checking partial_input_delay
--------------------------------
 There are 0 input ports with partial input delay specified.


11. checking partial_output_delay
---------------------------------
 There are 0 ports with partial output delay specified.


12. checking latch_loops
------------------------
 There are 0 combinational latch loops in the design through latch input



------------------------------------------------------------------------------------------------
| Design Timing Summary
| ---------------------
------------------------------------------------------------------------------------------------

    WNS(ns)      TNS(ns)  TNS Failing Endpoints  TNS Total Endpoints      WHS(ns)      THS(ns)  THS Failing Endpoints  THS Total Endpoints     WPWS(ns)     TPWS(ns)  TPWS Failing Endpoints  TPWS Total Endpoints  
    -------      -------  ---------------------  -------------------      -------      -------  ---------------------  -------------------     --------     --------  ----------------------  --------------------  
     18.403        0.000                      0                    6        0.229        0.000                      0                    6        7.500        0.000                       0                     7  


All user specified timing constraints are met.


------------------------------------------------------------------------------------------------
| Clock Summary
| -------------
------------------------------------------------------------------------------------------------

Clock        Waveform(ns)       Period(ns)      Frequency(MHz)
-----        ------------       ----------      --------------
sys_clk_pin  {0.000 8.000}      20.000          50.000          


------------------------------------------------------------------------------------------------
| Intra Clock Table
| -----------------
------------------------------------------------------------------------------------------------

Clock             WNS(ns)      TNS(ns)  TNS Failing Endpoints  TNS Total Endpoints      WHS(ns)      THS(ns)  THS Failing Endpoints  THS Total Endpoints     WPWS(ns)     TPWS(ns)  TPWS Failing Endpoints  TPWS Total Endpoints  
-----             -------      -------  ---------------------  -------------------      -------      -------  ---------------------  -------------------     --------     --------  ----------------------  --------------------  
sys_clk_pin        18.403        0.000                      0                    6        0.229        0.000                      0                    6        7.500        0.000                       0                     7  


------------------------------------------------------------------------------------------------
| Inter Clock Table
| -----------------
------------------------------------------------------------------------------------------------

From Clock    To Clock          WNS(ns)      TNS(ns)  TNS Failing Endpoints  TNS Total Endpoints      WHS(ns)      THS(ns)  THS Failing Endpoints  THS Total Endpoints  
----------    --------          -------      -------  ---------------------  -------------------      -------      -------  ---------------------  -------------------  


------------------------------------------------------------------------------------------------
| Other Path Groups Table
| -----------------------
------------------------------------------------------------------------------------------------

Path Group    From Clock    To Clock          WNS(ns)      TNS(ns)  TNS Failing Endpoints  TNS Total Endpoints      WHS(ns)      THS(ns)  THS Failing Endpoints  THS Total Endpoints  
----------    ----------    --------          -------      -------  ---------------------  -------------------      -------      -------  ---------------------  -------------------  


------------------------------------------------------------------------------------------------
| Timing Details
| --------------
------------------------------------------------------------------------------------------------


---------------------------------------------------------------------------------------------------
From Clock:  sys_clk_pin
  To Clock:  sys_clk_pin

Setup :            0  Failing Endpoints,  Worst Slack       18.403ns,  Total Violation        0.000ns
Hold  :            0  Failing Endpoints,  Worst Slack        0.229ns,  Total Violation        0.000ns
PW    :            0  Failing Endpoints,  Worst Slack        7.500ns,  Total Violation        0.000ns
---------------------------------------------------------------------------------------------------


Max Delay Paths
--------------------------------------------------------------------------------------
Slack (MET) :             18.403ns  (required time - arrival time)
  Source:                 Count_reg[2]/C
                            (rising edge-triggered cell FDRE clocked by sys_clk_pin  {rise@0.000ns fall@8.000ns period=20.000ns})
  Destination:            Count_reg[2]/D
                            (rising edge-triggered cell FDRE clocked by sys_clk_pin  {rise@0.000ns fall@8.000ns period=20.000ns})
  Path Group:             sys_clk_pin
  Path Type:              Setup (Max at Slow Process Corner)
  Requirement:            20.000ns  (sys_clk_pin rise@20.000ns - sys_clk_pin rise@0.000ns)
  Data Path Delay:        1.636ns  (logic 0.746ns (45.592%)  route 0.890ns (54.408%))
  Logic Levels:           1  (LUT3=1)
  Clock Path Skew:        0.000ns (DCD - SCD + CPR)
    Destination Clock Delay (DCD):    4.965ns = ( 24.965 - 20.000 ) 
    Source Clock Delay      (SCD):    5.419ns
    Clock Pessimism Removal (CPR):    0.454ns
  Clock Uncertainty:      0.035ns  ((TSJ^2 + TIJ^2)^1/2 + DJ) / 2 + PE
    Total System Jitter     (TSJ):    0.071ns
    Total Input Jitter      (TIJ):    0.000ns
    Discrete Jitter          (DJ):    0.000ns
    Phase Error              (PE):    0.000ns

    Location             Delay type                Incr(ns)  Path(ns)    Netlist Resource(s)
  -------------------------------------------------------------------    -------------------
                         (clock sys_clk_pin rise edge)
                                                      0.000     0.000 r  
    K11                                               0.000     0.000 r  ClkIn (IN)
                         net (fo=0)                   0.000     0.000    ClkIn
    K11                  IBUF (Prop_ibuf_I_O)         1.487     1.487 r  ClkIn_IBUF_inst/O
                         net (fo=1, routed)           2.076     3.563    ClkIn_IBUF
    BUFGCTRL_X0Y0        BUFG (Prop_bufg_I_O)         0.101     3.664 r  ClkIn_IBUF_BUFG_inst/O
                         net (fo=6, routed)           1.755     5.419    ClkIn_IBUF_BUFG
    SLICE_X43Y2          FDRE                                         r  Count_reg[2]/C
  -------------------------------------------------------------------    -------------------
    SLICE_X43Y2          FDRE (Prop_fdre_C_Q)         0.419     5.838 r  Count_reg[2]/Q
                         net (fo=5, routed)           0.890     6.728    ClkOut_OBUF[0]
    SLICE_X43Y2          LUT3 (Prop_lut3_I2_O)        0.327     7.055 r  Count[2]_i_1/O
                         net (fo=1, routed)           0.000     7.055    p_0_in[2]
    SLICE_X43Y2          FDRE                                         r  Count_reg[2]/D
  -------------------------------------------------------------------    -------------------

                         (clock sys_clk_pin rise edge)
                                                     20.000    20.000 r  
    K11                                               0.000    20.000 r  ClkIn (IN)
                         net (fo=0)                   0.000    20.000    ClkIn
    K11                  IBUF (Prop_ibuf_I_O)         1.416    21.416 r  ClkIn_IBUF_inst/O
                         net (fo=1, routed)           1.880    23.296    ClkIn_IBUF
    BUFGCTRL_X0Y0        BUFG (Prop_bufg_I_O)         0.091    23.387 r  ClkIn_IBUF_BUFG_inst/O
                         net (fo=6, routed)           1.577    24.965    ClkIn_IBUF_BUFG
    SLICE_X43Y2          FDRE                                         r  Count_reg[2]/C
                         clock pessimism              0.454    25.419    
                         clock uncertainty           -0.035    25.384    
    SLICE_X43Y2          FDRE (Setup_fdre_C_D)        0.075    25.459    Count_reg[2]
  -------------------------------------------------------------------
                         required time                         25.459    
                         arrival time                          -7.055    
  -------------------------------------------------------------------
                         slack                                 18.403    

Slack (MET) :             18.526ns  (required time - arrival time)
  Source:                 Count_reg[0]/C
                            (rising edge-triggered cell FDRE clocked by sys_clk_pin  {rise@0.000ns fall@8.000ns period=20.000ns})
  Destination:            Count_reg[1]/D
                            (rising edge-triggered cell FDRE clocked by sys_clk_pin  {rise@0.000ns fall@8.000ns period=20.000ns})
  Path Group:             sys_clk_pin
  Path Type:              Setup (Max at Slow Process Corner)
  Requirement:            20.000ns  (sys_clk_pin rise@20.000ns - sys_clk_pin rise@0.000ns)
  Data Path Delay:        1.468ns  (logic 0.580ns (39.513%)  route 0.888ns (60.487%))
  Logic Levels:           1  (LUT2=1)
  Clock Path Skew:        0.000ns (DCD - SCD + CPR)
    Destination Clock Delay (DCD):    4.965ns = ( 24.965 - 20.000 ) 
    Source Clock Delay      (SCD):    5.419ns
    Clock Pessimism Removal (CPR):    0.454ns
  Clock Uncertainty:      0.035ns  ((TSJ^2 + TIJ^2)^1/2 + DJ) / 2 + PE
    Total System Jitter     (TSJ):    0.071ns
    Total Input Jitter      (TIJ):    0.000ns
    Discrete Jitter          (DJ):    0.000ns
    Phase Error              (PE):    0.000ns

    Location             Delay type                Incr(ns)  Path(ns)    Netlist Resource(s)
  -------------------------------------------------------------------    -------------------
                         (clock sys_clk_pin rise edge)
                                                      0.000     0.000 r  
    K11                                               0.000     0.000 r  ClkIn (IN)
                         net (fo=0)                   0.000     0.000    ClkIn
    K11                  IBUF (Prop_ibuf_I_O)         1.487     1.487 r  ClkIn_IBUF_inst/O
                         net (fo=1, routed)           2.076     3.563    ClkIn_IBUF
    BUFGCTRL_X0Y0        BUFG (Prop_bufg_I_O)         0.101     3.664 r  ClkIn_IBUF_BUFG_inst/O
                         net (fo=6, routed)           1.755     5.419    ClkIn_IBUF_BUFG
    SLICE_X43Y2          FDRE                                         r  Count_reg[0]/C
  -------------------------------------------------------------------    -------------------
    SLICE_X43Y2          FDRE (Prop_fdre_C_Q)         0.456     5.875 r  Count_reg[0]/Q
                         net (fo=6, routed)           0.888     6.763    Count_reg_n_0_[0]
    SLICE_X43Y2          LUT2 (Prop_lut2_I0_O)        0.124     6.887 r  Count[1]_i_1/O
                         net (fo=1, routed)           0.000     6.887    p_0_in[1]
    SLICE_X43Y2          FDRE                                         r  Count_reg[1]/D
  -------------------------------------------------------------------    -------------------

                         (clock sys_clk_pin rise edge)
                                                     20.000    20.000 r  
    K11                                               0.000    20.000 r  ClkIn (IN)
                         net (fo=0)                   0.000    20.000    ClkIn
    K11                  IBUF (Prop_ibuf_I_O)         1.416    21.416 r  ClkIn_IBUF_inst/O
                         net (fo=1, routed)           1.880    23.296    ClkIn_IBUF
    BUFGCTRL_X0Y0        BUFG (Prop_bufg_I_O)         0.091    23.387 r  ClkIn_IBUF_BUFG_inst/O
                         net (fo=6, routed)           1.577    24.965    ClkIn_IBUF_BUFG
    SLICE_X43Y2          FDRE                                         r  Count_reg[1]/C
                         clock pessimism              0.454    25.419    
                         clock uncertainty           -0.035    25.384    
    SLICE_X43Y2          FDRE (Setup_fdre_C_D)        0.029    25.413    Count_reg[1]
  -------------------------------------------------------------------
                         required time                         25.413    
                         arrival time                          -6.887    
  -------------------------------------------------------------------
                         slack                                 18.526    

Slack (MET) :             18.533ns  (required time - arrival time)
  Source:                 Count_reg[3]/C
                            (rising edge-triggered cell FDRE clocked by sys_clk_pin  {rise@0.000ns fall@8.000ns period=20.000ns})
  Destination:            Count_reg[5]/D
                            (rising edge-triggered cell FDRE clocked by sys_clk_pin  {rise@0.000ns fall@8.000ns period=20.000ns})
  Path Group:             sys_clk_pin
  Path Type:              Setup (Max at Slow Process Corner)
  Requirement:            20.000ns  (sys_clk_pin rise@20.000ns - sys_clk_pin rise@0.000ns)
  Data Path Delay:        1.464ns  (logic 0.580ns (39.626%)  route 0.884ns (60.374%))
  Logic Levels:           1  (LUT6=1)
  Clock Path Skew:        0.000ns (DCD - SCD + CPR)
    Destination Clock Delay (DCD):    4.965ns = ( 24.965 - 20.000 ) 
    Source Clock Delay      (SCD):    5.419ns
    Clock Pessimism Removal (CPR):    0.454ns
  Clock Uncertainty:      0.035ns  ((TSJ^2 + TIJ^2)^1/2 + DJ) / 2 + PE
    Total System Jitter     (TSJ):    0.071ns
    Total Input Jitter      (TIJ):    0.000ns
    Discrete Jitter          (DJ):    0.000ns
    Phase Error              (PE):    0.000ns

    Location             Delay type                Incr(ns)  Path(ns)    Netlist Resource(s)
  -------------------------------------------------------------------    -------------------
                         (clock sys_clk_pin rise edge)
                                                      0.000     0.000 r  
    K11                                               0.000     0.000 r  ClkIn (IN)
                         net (fo=0)                   0.000     0.000    ClkIn
    K11                  IBUF (Prop_ibuf_I_O)         1.487     1.487 r  ClkIn_IBUF_inst/O
                         net (fo=1, routed)           2.076     3.563    ClkIn_IBUF
    BUFGCTRL_X0Y0        BUFG (Prop_bufg_I_O)         0.101     3.664 r  ClkIn_IBUF_BUFG_inst/O
                         net (fo=6, routed)           1.755     5.419    ClkIn_IBUF_BUFG
    SLICE_X43Y2          FDRE                                         r  Count_reg[3]/C
  -------------------------------------------------------------------    -------------------
    SLICE_X43Y2          FDRE (Prop_fdre_C_Q)         0.456     5.875 r  Count_reg[3]/Q
                         net (fo=4, routed)           0.884     6.759    ClkOut_OBUF[1]
    SLICE_X43Y2          LUT6 (Prop_lut6_I0_O)        0.124     6.883 r  Count[5]_i_1/O
                         net (fo=1, routed)           0.000     6.883    p_0_in[5]
    SLICE_X43Y2          FDRE                                         r  Count_reg[5]/D
  -------------------------------------------------------------------    -------------------

                         (clock sys_clk_pin rise edge)
                                                     20.000    20.000 r  
    K11                                               0.000    20.000 r  ClkIn (IN)
                         net (fo=0)                   0.000    20.000    ClkIn
    K11                  IBUF (Prop_ibuf_I_O)         1.416    21.416 r  ClkIn_IBUF_inst/O
                         net (fo=1, routed)           1.880    23.296    ClkIn_IBUF
    BUFGCTRL_X0Y0        BUFG (Prop_bufg_I_O)         0.091    23.387 r  ClkIn_IBUF_BUFG_inst/O
                         net (fo=6, routed)           1.577    24.965    ClkIn_IBUF_BUFG
    SLICE_X43Y2          FDRE                                         r  Count_reg[5]/C
                         clock pessimism              0.454    25.419    
                         clock uncertainty           -0.035    25.384    
    SLICE_X43Y2          FDRE (Setup_fdre_C_D)        0.032    25.416    Count_reg[5]
  -------------------------------------------------------------------
                         required time                         25.416    
                         arrival time                          -6.883    
  -------------------------------------------------------------------
                         slack                                 18.533    

Slack (MET) :             18.572ns  (required time - arrival time)
  Source:                 Count_reg[0]/C
                            (rising edge-triggered cell FDRE clocked by sys_clk_pin  {rise@0.000ns fall@8.000ns period=20.000ns})
  Destination:            Count_reg[3]/D
                            (rising edge-triggered cell FDRE clocked by sys_clk_pin  {rise@0.000ns fall@8.000ns period=20.000ns})
  Path Group:             sys_clk_pin
  Path Type:              Setup (Max at Slow Process Corner)
  Requirement:            20.000ns  (sys_clk_pin rise@20.000ns - sys_clk_pin rise@0.000ns)
  Data Path Delay:        1.423ns  (logic 0.580ns (40.749%)  route 0.843ns (59.251%))
  Logic Levels:           1  (LUT4=1)
  Clock Path Skew:        0.000ns (DCD - SCD + CPR)
    Destination Clock Delay (DCD):    4.965ns = ( 24.965 - 20.000 ) 
    Source Clock Delay      (SCD):    5.419ns
    Clock Pessimism Removal (CPR):    0.454ns
  Clock Uncertainty:      0.035ns  ((TSJ^2 + TIJ^2)^1/2 + DJ) / 2 + PE
    Total System Jitter     (TSJ):    0.071ns
    Total Input Jitter      (TIJ):    0.000ns
    Discrete Jitter          (DJ):    0.000ns
    Phase Error              (PE):    0.000ns

    Location             Delay type                Incr(ns)  Path(ns)    Netlist Resource(s)
  -------------------------------------------------------------------    -------------------
                         (clock sys_clk_pin rise edge)
                                                      0.000     0.000 r  
    K11                                               0.000     0.000 r  ClkIn (IN)
                         net (fo=0)                   0.000     0.000    ClkIn
    K11                  IBUF (Prop_ibuf_I_O)         1.487     1.487 r  ClkIn_IBUF_inst/O
                         net (fo=1, routed)           2.076     3.563    ClkIn_IBUF
    BUFGCTRL_X0Y0        BUFG (Prop_bufg_I_O)         0.101     3.664 r  ClkIn_IBUF_BUFG_inst/O
                         net (fo=6, routed)           1.755     5.419    ClkIn_IBUF_BUFG
    SLICE_X43Y2          FDRE                                         r  Count_reg[0]/C
  -------------------------------------------------------------------    -------------------
    SLICE_X43Y2          FDRE (Prop_fdre_C_Q)         0.456     5.875 r  Count_reg[0]/Q
                         net (fo=6, routed)           0.843     6.718    Count_reg_n_0_[0]
    SLICE_X43Y2          LUT4 (Prop_lut4_I1_O)        0.124     6.842 r  Count[3]_i_1/O
                         net (fo=1, routed)           0.000     6.842    p_0_in[3]
    SLICE_X43Y2          FDRE                                         r  Count_reg[3]/D
  -------------------------------------------------------------------    -------------------

                         (clock sys_clk_pin rise edge)
                                                     20.000    20.000 r  
    K11                                               0.000    20.000 r  ClkIn (IN)
                         net (fo=0)                   0.000    20.000    ClkIn
    K11                  IBUF (Prop_ibuf_I_O)         1.416    21.416 r  ClkIn_IBUF_inst/O
                         net (fo=1, routed)           1.880    23.296    ClkIn_IBUF
    BUFGCTRL_X0Y0        BUFG (Prop_bufg_I_O)         0.091    23.387 r  ClkIn_IBUF_BUFG_inst/O
                         net (fo=6, routed)           1.577    24.965    ClkIn_IBUF_BUFG
    SLICE_X43Y2          FDRE                                         r  Count_reg[3]/C
                         clock pessimism              0.454    25.419    
                         clock uncertainty           -0.035    25.384    
    SLICE_X43Y2          FDRE (Setup_fdre_C_D)        0.031    25.415    Count_reg[3]
  -------------------------------------------------------------------
                         required time                         25.415    
                         arrival time                          -6.842    
  -------------------------------------------------------------------
                         slack                                 18.572    

Slack (MET) :             18.590ns  (required time - arrival time)
  Source:                 Count_reg[0]/C
                            (rising edge-triggered cell FDRE clocked by sys_clk_pin  {rise@0.000ns fall@8.000ns period=20.000ns})
  Destination:            Count_reg[4]/D
                            (rising edge-triggered cell FDRE clocked by sys_clk_pin  {rise@0.000ns fall@8.000ns period=20.000ns})
  Path Group:             sys_clk_pin
  Path Type:              Setup (Max at Slow Process Corner)
  Requirement:            20.000ns  (sys_clk_pin rise@20.000ns - sys_clk_pin rise@0.000ns)
  Data Path Delay:        1.449ns  (logic 0.606ns (41.812%)  route 0.843ns (58.188%))
  Logic Levels:           1  (LUT5=1)
  Clock Path Skew:        0.000ns (DCD - SCD + CPR)
    Destination Clock Delay (DCD):    4.965ns = ( 24.965 - 20.000 ) 
    Source Clock Delay      (SCD):    5.419ns
    Clock Pessimism Removal (CPR):    0.454ns
  Clock Uncertainty:      0.035ns  ((TSJ^2 + TIJ^2)^1/2 + DJ) / 2 + PE
    Total System Jitter     (TSJ):    0.071ns
    Total Input Jitter      (TIJ):    0.000ns
    Discrete Jitter          (DJ):    0.000ns
    Phase Error              (PE):    0.000ns

    Location             Delay type                Incr(ns)  Path(ns)    Netlist Resource(s)
  -------------------------------------------------------------------    -------------------
                         (clock sys_clk_pin rise edge)
                                                      0.000     0.000 r  
    K11                                               0.000     0.000 r  ClkIn (IN)
                         net (fo=0)                   0.000     0.000    ClkIn
    K11                  IBUF (Prop_ibuf_I_O)         1.487     1.487 r  ClkIn_IBUF_inst/O
                         net (fo=1, routed)           2.076     3.563    ClkIn_IBUF
    BUFGCTRL_X0Y0        BUFG (Prop_bufg_I_O)         0.101     3.664 r  ClkIn_IBUF_BUFG_inst/O
                         net (fo=6, routed)           1.755     5.419    ClkIn_IBUF_BUFG
    SLICE_X43Y2          FDRE                                         r  Count_reg[0]/C
  -------------------------------------------------------------------    -------------------
    SLICE_X43Y2          FDRE (Prop_fdre_C_Q)         0.456     5.875 r  Count_reg[0]/Q
                         net (fo=6, routed)           0.843     6.718    Count_reg_n_0_[0]
    SLICE_X43Y2          LUT5 (Prop_lut5_I1_O)        0.150     6.868 r  Count[4]_i_1/O
                         net (fo=1, routed)           0.000     6.868    p_0_in[4]
    SLICE_X43Y2          FDRE                                         r  Count_reg[4]/D
  -------------------------------------------------------------------    -------------------

                         (clock sys_clk_pin rise edge)
                                                     20.000    20.000 r  
    K11                                               0.000    20.000 r  ClkIn (IN)
                         net (fo=0)                   0.000    20.000    ClkIn
    K11                  IBUF (Prop_ibuf_I_O)         1.416    21.416 r  ClkIn_IBUF_inst/O
                         net (fo=1, routed)           1.880    23.296    ClkIn_IBUF
    BUFGCTRL_X0Y0        BUFG (Prop_bufg_I_O)         0.091    23.387 r  ClkIn_IBUF_BUFG_inst/O
                         net (fo=6, routed)           1.577    24.965    ClkIn_IBUF_BUFG
    SLICE_X43Y2          FDRE                                         r  Count_reg[4]/C
                         clock pessimism              0.454    25.419    
                         clock uncertainty           -0.035    25.384    
    SLICE_X43Y2          FDRE (Setup_fdre_C_D)        0.075    25.459    Count_reg[4]
  -------------------------------------------------------------------
                         required time                         25.459    
                         arrival time                          -6.868    
  -------------------------------------------------------------------
                         slack                                 18.590    

Slack (MET) :             18.738ns  (required time - arrival time)
  Source:                 Count_reg[0]/C
                            (rising edge-triggered cell FDRE clocked by sys_clk_pin  {rise@0.000ns fall@8.000ns period=20.000ns})
  Destination:            Count_reg[0]/D
                            (rising edge-triggered cell FDRE clocked by sys_clk_pin  {rise@0.000ns fall@8.000ns period=20.000ns})
  Path Group:             sys_clk_pin
  Path Type:              Setup (Max at Slow Process Corner)
  Requirement:            20.000ns  (sys_clk_pin rise@20.000ns - sys_clk_pin rise@0.000ns)
  Data Path Delay:        1.258ns  (logic 0.580ns (46.101%)  route 0.678ns (53.899%))
  Logic Levels:           1  (LUT1=1)
  Clock Path Skew:        0.000ns (DCD - SCD + CPR)
    Destination Clock Delay (DCD):    4.965ns = ( 24.965 - 20.000 ) 
    Source Clock Delay      (SCD):    5.419ns
    Clock Pessimism Removal (CPR):    0.454ns
  Clock Uncertainty:      0.035ns  ((TSJ^2 + TIJ^2)^1/2 + DJ) / 2 + PE
    Total System Jitter     (TSJ):    0.071ns
    Total Input Jitter      (TIJ):    0.000ns
    Discrete Jitter          (DJ):    0.000ns
    Phase Error              (PE):    0.000ns

    Location             Delay type                Incr(ns)  Path(ns)    Netlist Resource(s)
  -------------------------------------------------------------------    -------------------
                         (clock sys_clk_pin rise edge)
                                                      0.000     0.000 r  
    K11                                               0.000     0.000 r  ClkIn (IN)
                         net (fo=0)                   0.000     0.000    ClkIn
    K11                  IBUF (Prop_ibuf_I_O)         1.487     1.487 r  ClkIn_IBUF_inst/O
                         net (fo=1, routed)           2.076     3.563    ClkIn_IBUF
    BUFGCTRL_X0Y0        BUFG (Prop_bufg_I_O)         0.101     3.664 r  ClkIn_IBUF_BUFG_inst/O
                         net (fo=6, routed)           1.755     5.419    ClkIn_IBUF_BUFG
    SLICE_X43Y2          FDRE                                         r  Count_reg[0]/C
  -------------------------------------------------------------------    -------------------
    SLICE_X43Y2          FDRE (Prop_fdre_C_Q)         0.456     5.875 f  Count_reg[0]/Q
                         net (fo=6, routed)           0.678     6.553    Count_reg_n_0_[0]
    SLICE_X43Y2          LUT1 (Prop_lut1_I0_O)        0.124     6.677 r  Count[0]_i_1/O
                         net (fo=1, routed)           0.000     6.677    p_0_in[0]
    SLICE_X43Y2          FDRE                                         r  Count_reg[0]/D
  -------------------------------------------------------------------    -------------------

                         (clock sys_clk_pin rise edge)
                                                     20.000    20.000 r  
    K11                                               0.000    20.000 r  ClkIn (IN)
                         net (fo=0)                   0.000    20.000    ClkIn
    K11                  IBUF (Prop_ibuf_I_O)         1.416    21.416 r  ClkIn_IBUF_inst/O
                         net (fo=1, routed)           1.880    23.296    ClkIn_IBUF
    BUFGCTRL_X0Y0        BUFG (Prop_bufg_I_O)         0.091    23.387 r  ClkIn_IBUF_BUFG_inst/O
                         net (fo=6, routed)           1.577    24.965    ClkIn_IBUF_BUFG
    SLICE_X43Y2          FDRE                                         r  Count_reg[0]/C
                         clock pessimism              0.454    25.419    
                         clock uncertainty           -0.035    25.384    
    SLICE_X43Y2          FDRE (Setup_fdre_C_D)        0.031    25.415    Count_reg[0]
  -------------------------------------------------------------------
                         required time                         25.415    
                         arrival time                          -6.677    
  -------------------------------------------------------------------
                         slack                                 18.738    





Min Delay Paths
--------------------------------------------------------------------------------------
Slack (MET) :             0.229ns  (arrival time - required time)
  Source:                 Count_reg[1]/C
                            (rising edge-triggered cell FDRE clocked by sys_clk_pin  {rise@0.000ns fall@8.000ns period=20.000ns})
  Destination:            Count_reg[5]/D
                            (rising edge-triggered cell FDRE clocked by sys_clk_pin  {rise@0.000ns fall@8.000ns period=20.000ns})
  Path Group:             sys_clk_pin
  Path Type:              Hold (Min at Fast Process Corner)
  Requirement:            0.000ns  (sys_clk_pin rise@0.000ns - sys_clk_pin rise@0.000ns)
  Data Path Delay:        0.321ns  (logic 0.186ns (58.018%)  route 0.135ns (41.982%))
  Logic Levels:           1  (LUT6=1)
  Clock Path Skew:        0.000ns (DCD - SCD - CPR)
    Destination Clock Delay (DCD):    2.017ns
    Source Clock Delay      (SCD):    1.501ns
    Clock Pessimism Removal (CPR):    0.516ns

    Location             Delay type                Incr(ns)  Path(ns)    Netlist Resource(s)
  -------------------------------------------------------------------    -------------------
                         (clock sys_clk_pin rise edge)
                                                      0.000     0.000 r  
    K11                                               0.000     0.000 r  ClkIn (IN)
                         net (fo=0)                   0.000     0.000    ClkIn
    K11                  IBUF (Prop_ibuf_I_O)         0.255     0.255 r  ClkIn_IBUF_inst/O
                         net (fo=1, routed)           0.627     0.882    ClkIn_IBUF
    BUFGCTRL_X0Y0        BUFG (Prop_bufg_I_O)         0.026     0.908 r  ClkIn_IBUF_BUFG_inst/O
                         net (fo=6, routed)           0.593     1.501    ClkIn_IBUF_BUFG
    SLICE_X43Y2          FDRE                                         r  Count_reg[1]/C
  -------------------------------------------------------------------    -------------------
    SLICE_X43Y2          FDRE (Prop_fdre_C_Q)         0.141     1.642 r  Count_reg[1]/Q
                         net (fo=5, routed)           0.135     1.776    Count_reg_n_0_[1]
    SLICE_X43Y2          LUT6 (Prop_lut6_I1_O)        0.045     1.821 r  Count[5]_i_1/O
                         net (fo=1, routed)           0.000     1.821    p_0_in[5]
    SLICE_X43Y2          FDRE                                         r  Count_reg[5]/D
  -------------------------------------------------------------------    -------------------

                         (clock sys_clk_pin rise edge)
                                                      0.000     0.000 r  
    K11                                               0.000     0.000 r  ClkIn (IN)
                         net (fo=0)                   0.000     0.000    ClkIn
    K11                  IBUF (Prop_ibuf_I_O)         0.443     0.443 r  ClkIn_IBUF_inst/O
                         net (fo=1, routed)           0.683     1.126    ClkIn_IBUF
    BUFGCTRL_X0Y0        BUFG (Prop_bufg_I_O)         0.029     1.155 r  ClkIn_IBUF_BUFG_inst/O
                         net (fo=6, routed)           0.862     2.017    ClkIn_IBUF_BUFG
    SLICE_X43Y2          FDRE                                         r  Count_reg[5]/C
                         clock pessimism             -0.516     1.501    
    SLICE_X43Y2          FDRE (Hold_fdre_C_D)         0.092     1.593    Count_reg[5]
  -------------------------------------------------------------------
                         required time                         -1.593    
                         arrival time                           1.821    
  -------------------------------------------------------------------
                         slack                                  0.229    

Slack (MET) :             0.254ns  (arrival time - required time)
  Source:                 Count_reg[1]/C
                            (rising edge-triggered cell FDRE clocked by sys_clk_pin  {rise@0.000ns fall@8.000ns period=20.000ns})
  Destination:            Count_reg[2]/D
                            (rising edge-triggered cell FDRE clocked by sys_clk_pin  {rise@0.000ns fall@8.000ns period=20.000ns})
  Path Group:             sys_clk_pin
  Path Type:              Hold (Min at Fast Process Corner)
  Requirement:            0.000ns  (sys_clk_pin rise@0.000ns - sys_clk_pin rise@0.000ns)
  Data Path Delay:        0.361ns  (logic 0.183ns (50.678%)  route 0.178ns (49.322%))
  Logic Levels:           1  (LUT3=1)
  Clock Path Skew:        0.000ns (DCD - SCD - CPR)
    Destination Clock Delay (DCD):    2.017ns
    Source Clock Delay      (SCD):    1.501ns
    Clock Pessimism Removal (CPR):    0.516ns

    Location             Delay type                Incr(ns)  Path(ns)    Netlist Resource(s)
  -------------------------------------------------------------------    -------------------
                         (clock sys_clk_pin rise edge)
                                                      0.000     0.000 r  
    K11                                               0.000     0.000 r  ClkIn (IN)
                         net (fo=0)                   0.000     0.000    ClkIn
    K11                  IBUF (Prop_ibuf_I_O)         0.255     0.255 r  ClkIn_IBUF_inst/O
                         net (fo=1, routed)           0.627     0.882    ClkIn_IBUF
    BUFGCTRL_X0Y0        BUFG (Prop_bufg_I_O)         0.026     0.908 r  ClkIn_IBUF_BUFG_inst/O
                         net (fo=6, routed)           0.593     1.501    ClkIn_IBUF_BUFG
    SLICE_X43Y2          FDRE                                         r  Count_reg[1]/C
  -------------------------------------------------------------------    -------------------
    SLICE_X43Y2          FDRE (Prop_fdre_C_Q)         0.141     1.642 r  Count_reg[1]/Q
                         net (fo=5, routed)           0.178     1.820    Count_reg_n_0_[1]
    SLICE_X43Y2          LUT3 (Prop_lut3_I1_O)        0.042     1.862 r  Count[2]_i_1/O
                         net (fo=1, routed)           0.000     1.862    p_0_in[2]
    SLICE_X43Y2          FDRE                                         r  Count_reg[2]/D
  -------------------------------------------------------------------    -------------------

                         (clock sys_clk_pin rise edge)
                                                      0.000     0.000 r  
    K11                                               0.000     0.000 r  ClkIn (IN)
                         net (fo=0)                   0.000     0.000    ClkIn
    K11                  IBUF (Prop_ibuf_I_O)         0.443     0.443 r  ClkIn_IBUF_inst/O
                         net (fo=1, routed)           0.683     1.126    ClkIn_IBUF
    BUFGCTRL_X0Y0        BUFG (Prop_bufg_I_O)         0.029     1.155 r  ClkIn_IBUF_BUFG_inst/O
                         net (fo=6, routed)           0.862     2.017    ClkIn_IBUF_BUFG
    SLICE_X43Y2          FDRE                                         r  Count_reg[2]/C
                         clock pessimism             -0.516     1.501    
    SLICE_X43Y2          FDRE (Hold_fdre_C_D)         0.107     1.608    Count_reg[2]
  -------------------------------------------------------------------
                         required time                         -1.608    
                         arrival time                           1.862    
  -------------------------------------------------------------------
                         slack                                  0.254    

Slack (MET) :             0.257ns  (arrival time - required time)
  Source:                 Count_reg[1]/C
                            (rising edge-triggered cell FDRE clocked by sys_clk_pin  {rise@0.000ns fall@8.000ns period=20.000ns})
  Destination:            Count_reg[4]/D
                            (rising edge-triggered cell FDRE clocked by sys_clk_pin  {rise@0.000ns fall@8.000ns period=20.000ns})
  Path Group:             sys_clk_pin
  Path Type:              Hold (Min at Fast Process Corner)
  Requirement:            0.000ns  (sys_clk_pin rise@0.000ns - sys_clk_pin rise@0.000ns)
  Data Path Delay:        0.364ns  (logic 0.184ns (50.535%)  route 0.180ns (49.465%))
  Logic Levels:           1  (LUT5=1)
  Clock Path Skew:        0.000ns (DCD - SCD - CPR)
    Destination Clock Delay (DCD):    2.017ns
    Source Clock Delay      (SCD):    1.501ns
    Clock Pessimism Removal (CPR):    0.516ns

    Location             Delay type                Incr(ns)  Path(ns)    Netlist Resource(s)
  -------------------------------------------------------------------    -------------------
                         (clock sys_clk_pin rise edge)
                                                      0.000     0.000 r  
    K11                                               0.000     0.000 r  ClkIn (IN)
                         net (fo=0)                   0.000     0.000    ClkIn
    K11                  IBUF (Prop_ibuf_I_O)         0.255     0.255 r  ClkIn_IBUF_inst/O
                         net (fo=1, routed)           0.627     0.882    ClkIn_IBUF
    BUFGCTRL_X0Y0        BUFG (Prop_bufg_I_O)         0.026     0.908 r  ClkIn_IBUF_BUFG_inst/O
                         net (fo=6, routed)           0.593     1.501    ClkIn_IBUF_BUFG
    SLICE_X43Y2          FDRE                                         r  Count_reg[1]/C
  -------------------------------------------------------------------    -------------------
    SLICE_X43Y2          FDRE (Prop_fdre_C_Q)         0.141     1.642 r  Count_reg[1]/Q
                         net (fo=5, routed)           0.180     1.822    Count_reg_n_0_[1]
    SLICE_X43Y2          LUT5 (Prop_lut5_I2_O)        0.043     1.865 r  Count[4]_i_1/O
                         net (fo=1, routed)           0.000     1.865    p_0_in[4]
    SLICE_X43Y2          FDRE                                         r  Count_reg[4]/D
  -------------------------------------------------------------------    -------------------

                         (clock sys_clk_pin rise edge)
                                                      0.000     0.000 r  
    K11                                               0.000     0.000 r  ClkIn (IN)
                         net (fo=0)                   0.000     0.000    ClkIn
    K11                  IBUF (Prop_ibuf_I_O)         0.443     0.443 r  ClkIn_IBUF_inst/O
                         net (fo=1, routed)           0.683     1.126    ClkIn_IBUF
    BUFGCTRL_X0Y0        BUFG (Prop_bufg_I_O)         0.029     1.155 r  ClkIn_IBUF_BUFG_inst/O
                         net (fo=6, routed)           0.862     2.017    ClkIn_IBUF_BUFG
    SLICE_X43Y2          FDRE                                         r  Count_reg[4]/C
                         clock pessimism             -0.516     1.501    
    SLICE_X43Y2          FDRE (Hold_fdre_C_D)         0.107     1.608    Count_reg[4]
  -------------------------------------------------------------------
                         required time                         -1.608    
                         arrival time                           1.865    
  -------------------------------------------------------------------
                         slack                                  0.257    

Slack (MET) :             0.273ns  (arrival time - required time)
  Source:                 Count_reg[1]/C
                            (rising edge-triggered cell FDRE clocked by sys_clk_pin  {rise@0.000ns fall@8.000ns period=20.000ns})
  Destination:            Count_reg[1]/D
                            (rising edge-triggered cell FDRE clocked by sys_clk_pin  {rise@0.000ns fall@8.000ns period=20.000ns})
  Path Group:             sys_clk_pin
  Path Type:              Hold (Min at Fast Process Corner)
  Requirement:            0.000ns  (sys_clk_pin rise@0.000ns - sys_clk_pin rise@0.000ns)
  Data Path Delay:        0.364ns  (logic 0.186ns (51.084%)  route 0.178ns (48.916%))
  Logic Levels:           1  (LUT2=1)
  Clock Path Skew:        0.000ns (DCD - SCD - CPR)
    Destination Clock Delay (DCD):    2.017ns
    Source Clock Delay      (SCD):    1.501ns
    Clock Pessimism Removal (CPR):    0.516ns

    Location             Delay type                Incr(ns)  Path(ns)    Netlist Resource(s)
  -------------------------------------------------------------------    -------------------
                         (clock sys_clk_pin rise edge)
                                                      0.000     0.000 r  
    K11                                               0.000     0.000 r  ClkIn (IN)
                         net (fo=0)                   0.000     0.000    ClkIn
    K11                  IBUF (Prop_ibuf_I_O)         0.255     0.255 r  ClkIn_IBUF_inst/O
                         net (fo=1, routed)           0.627     0.882    ClkIn_IBUF
    BUFGCTRL_X0Y0        BUFG (Prop_bufg_I_O)         0.026     0.908 r  ClkIn_IBUF_BUFG_inst/O
                         net (fo=6, routed)           0.593     1.501    ClkIn_IBUF_BUFG
    SLICE_X43Y2          FDRE                                         r  Count_reg[1]/C
  -------------------------------------------------------------------    -------------------
    SLICE_X43Y2          FDRE (Prop_fdre_C_Q)         0.141     1.642 r  Count_reg[1]/Q
                         net (fo=5, routed)           0.178     1.820    Count_reg_n_0_[1]
    SLICE_X43Y2          LUT2 (Prop_lut2_I1_O)        0.045     1.865 r  Count[1]_i_1/O
                         net (fo=1, routed)           0.000     1.865    p_0_in[1]
    SLICE_X43Y2          FDRE                                         r  Count_reg[1]/D
  -------------------------------------------------------------------    -------------------

                         (clock sys_clk_pin rise edge)
                                                      0.000     0.000 r  
    K11                                               0.000     0.000 r  ClkIn (IN)
                         net (fo=0)                   0.000     0.000    ClkIn
    K11                  IBUF (Prop_ibuf_I_O)         0.443     0.443 r  ClkIn_IBUF_inst/O
                         net (fo=1, routed)           0.683     1.126    ClkIn_IBUF
    BUFGCTRL_X0Y0        BUFG (Prop_bufg_I_O)         0.029     1.155 r  ClkIn_IBUF_BUFG_inst/O
                         net (fo=6, routed)           0.862     2.017    ClkIn_IBUF_BUFG
    SLICE_X43Y2          FDRE                                         r  Count_reg[1]/C
                         clock pessimism             -0.516     1.501    
    SLICE_X43Y2          FDRE (Hold_fdre_C_D)         0.091     1.592    Count_reg[1]
  -------------------------------------------------------------------
                         required time                         -1.592    
                         arrival time                           1.865    
  -------------------------------------------------------------------
                         slack                                  0.273    

Slack (MET) :             0.274ns  (arrival time - required time)
  Source:                 Count_reg[1]/C
                            (rising edge-triggered cell FDRE clocked by sys_clk_pin  {rise@0.000ns fall@8.000ns period=20.000ns})
  Destination:            Count_reg[3]/D
                            (rising edge-triggered cell FDRE clocked by sys_clk_pin  {rise@0.000ns fall@8.000ns period=20.000ns})
  Path Group:             sys_clk_pin
  Path Type:              Hold (Min at Fast Process Corner)
  Requirement:            0.000ns  (sys_clk_pin rise@0.000ns - sys_clk_pin rise@0.000ns)
  Data Path Delay:        0.366ns  (logic 0.186ns (50.805%)  route 0.180ns (49.195%))
  Logic Levels:           1  (LUT4=1)
  Clock Path Skew:        0.000ns (DCD - SCD - CPR)
    Destination Clock Delay (DCD):    2.017ns
    Source Clock Delay      (SCD):    1.501ns
    Clock Pessimism Removal (CPR):    0.516ns

    Location             Delay type                Incr(ns)  Path(ns)    Netlist Resource(s)
  -------------------------------------------------------------------    -------------------
                         (clock sys_clk_pin rise edge)
                                                      0.000     0.000 r  
    K11                                               0.000     0.000 r  ClkIn (IN)
                         net (fo=0)                   0.000     0.000    ClkIn
    K11                  IBUF (Prop_ibuf_I_O)         0.255     0.255 r  ClkIn_IBUF_inst/O
                         net (fo=1, routed)           0.627     0.882    ClkIn_IBUF
    BUFGCTRL_X0Y0        BUFG (Prop_bufg_I_O)         0.026     0.908 r  ClkIn_IBUF_BUFG_inst/O
                         net (fo=6, routed)           0.593     1.501    ClkIn_IBUF_BUFG
    SLICE_X43Y2          FDRE                                         r  Count_reg[1]/C
  -------------------------------------------------------------------    -------------------
    SLICE_X43Y2          FDRE (Prop_fdre_C_Q)         0.141     1.642 r  Count_reg[1]/Q
                         net (fo=5, routed)           0.180     1.822    Count_reg_n_0_[1]
    SLICE_X43Y2          LUT4 (Prop_lut4_I0_O)        0.045     1.867 r  Count[3]_i_1/O
                         net (fo=1, routed)           0.000     1.867    p_0_in[3]
    SLICE_X43Y2          FDRE                                         r  Count_reg[3]/D
  -------------------------------------------------------------------    -------------------

                         (clock sys_clk_pin rise edge)
                                                      0.000     0.000 r  
    K11                                               0.000     0.000 r  ClkIn (IN)
                         net (fo=0)                   0.000     0.000    ClkIn
    K11                  IBUF (Prop_ibuf_I_O)         0.443     0.443 r  ClkIn_IBUF_inst/O
                         net (fo=1, routed)           0.683     1.126    ClkIn_IBUF
    BUFGCTRL_X0Y0        BUFG (Prop_bufg_I_O)         0.029     1.155 r  ClkIn_IBUF_BUFG_inst/O
                         net (fo=6, routed)           0.862     2.017    ClkIn_IBUF_BUFG
    SLICE_X43Y2          FDRE                                         r  Count_reg[3]/C
                         clock pessimism             -0.516     1.501    
    SLICE_X43Y2          FDRE (Hold_fdre_C_D)         0.092     1.593    Count_reg[3]
  -------------------------------------------------------------------
                         required time                         -1.593    
                         arrival time                           1.867    
  -------------------------------------------------------------------
                         slack                                  0.274    

Slack (MET) :             0.336ns  (arrival time - required time)
  Source:                 Count_reg[0]/C
                            (rising edge-triggered cell FDRE clocked by sys_clk_pin  {rise@0.000ns fall@8.000ns period=20.000ns})
  Destination:            Count_reg[0]/D
                            (rising edge-triggered cell FDRE clocked by sys_clk_pin  {rise@0.000ns fall@8.000ns period=20.000ns})
  Path Group:             sys_clk_pin
  Path Type:              Hold (Min at Fast Process Corner)
  Requirement:            0.000ns  (sys_clk_pin rise@0.000ns - sys_clk_pin rise@0.000ns)
  Data Path Delay:        0.428ns  (logic 0.186ns (43.447%)  route 0.242ns (56.553%))
  Logic Levels:           1  (LUT1=1)
  Clock Path Skew:        0.000ns (DCD - SCD - CPR)
    Destination Clock Delay (DCD):    2.017ns
    Source Clock Delay      (SCD):    1.501ns
    Clock Pessimism Removal (CPR):    0.516ns

    Location             Delay type                Incr(ns)  Path(ns)    Netlist Resource(s)
  -------------------------------------------------------------------    -------------------
                         (clock sys_clk_pin rise edge)
                                                      0.000     0.000 r  
    K11                                               0.000     0.000 r  ClkIn (IN)
                         net (fo=0)                   0.000     0.000    ClkIn
    K11                  IBUF (Prop_ibuf_I_O)         0.255     0.255 r  ClkIn_IBUF_inst/O
                         net (fo=1, routed)           0.627     0.882    ClkIn_IBUF
    BUFGCTRL_X0Y0        BUFG (Prop_bufg_I_O)         0.026     0.908 r  ClkIn_IBUF_BUFG_inst/O
                         net (fo=6, routed)           0.593     1.501    ClkIn_IBUF_BUFG
    SLICE_X43Y2          FDRE                                         r  Count_reg[0]/C
  -------------------------------------------------------------------    -------------------
    SLICE_X43Y2          FDRE (Prop_fdre_C_Q)         0.141     1.642 f  Count_reg[0]/Q
                         net (fo=6, routed)           0.242     1.884    Count_reg_n_0_[0]
    SLICE_X43Y2          LUT1 (Prop_lut1_I0_O)        0.045     1.929 r  Count[0]_i_1/O
                         net (fo=1, routed)           0.000     1.929    p_0_in[0]
    SLICE_X43Y2          FDRE                                         r  Count_reg[0]/D
  -------------------------------------------------------------------    -------------------

                         (clock sys_clk_pin rise edge)
                                                      0.000     0.000 r  
    K11                                               0.000     0.000 r  ClkIn (IN)
                         net (fo=0)                   0.000     0.000    ClkIn
    K11                  IBUF (Prop_ibuf_I_O)         0.443     0.443 r  ClkIn_IBUF_inst/O
                         net (fo=1, routed)           0.683     1.126    ClkIn_IBUF
    BUFGCTRL_X0Y0        BUFG (Prop_bufg_I_O)         0.029     1.155 r  ClkIn_IBUF_BUFG_inst/O
                         net (fo=6, routed)           0.862     2.017    ClkIn_IBUF_BUFG
    SLICE_X43Y2          FDRE                                         r  Count_reg[0]/C
                         clock pessimism             -0.516     1.501    
    SLICE_X43Y2          FDRE (Hold_fdre_C_D)         0.092     1.593    Count_reg[0]
  -------------------------------------------------------------------
                         required time                         -1.593    
                         arrival time                           1.929    
  -------------------------------------------------------------------
                         slack                                  0.336    





Pulse Width Checks
--------------------------------------------------------------------------------------
Clock Name:         sys_clk_pin
Waveform(ns):       { 0.000 8.000 }
Period(ns):         20.000
Sources:            { ClkIn }

Check Type        Corner  Lib Pin  Reference Pin  Required(ns)  Actual(ns)  Slack(ns)  Location       Pin
Min Period        n/a     BUFG/I   n/a            2.155         20.000      17.845     BUFGCTRL_X0Y0  ClkIn_IBUF_BUFG_inst/I
Min Period        n/a     FDRE/C   n/a            1.000         20.000      19.000     SLICE_X43Y2    Count_reg[0]/C
Min Period        n/a     FDRE/C   n/a            1.000         20.000      19.000     SLICE_X43Y2    Count_reg[1]/C
Min Period        n/a     FDRE/C   n/a            1.000         20.000      19.000     SLICE_X43Y2    Count_reg[2]/C
Min Period        n/a     FDRE/C   n/a            1.000         20.000      19.000     SLICE_X43Y2    Count_reg[3]/C
Min Period        n/a     FDRE/C   n/a            1.000         20.000      19.000     SLICE_X43Y2    Count_reg[4]/C
Min Period        n/a     FDRE/C   n/a            1.000         20.000      19.000     SLICE_X43Y2    Count_reg[5]/C
Low Pulse Width   Slow    FDRE/C   n/a            0.500         12.000      11.500     SLICE_X43Y2    Count_reg[0]/C
Low Pulse Width   Fast    FDRE/C   n/a            0.500         12.000      11.500     SLICE_X43Y2    Count_reg[0]/C
Low Pulse Width   Slow    FDRE/C   n/a            0.500         12.000      11.500     SLICE_X43Y2    Count_reg[1]/C
Low Pulse Width   Fast    FDRE/C   n/a            0.500         12.000      11.500     SLICE_X43Y2    Count_reg[1]/C
Low Pulse Width   Slow    FDRE/C   n/a            0.500         12.000      11.500     SLICE_X43Y2    Count_reg[2]/C
Low Pulse Width   Fast    FDRE/C   n/a            0.500         12.000      11.500     SLICE_X43Y2    Count_reg[2]/C
Low Pulse Width   Slow    FDRE/C   n/a            0.500         12.000      11.500     SLICE_X43Y2    Count_reg[3]/C
Low Pulse Width   Fast    FDRE/C   n/a            0.500         12.000      11.500     SLICE_X43Y2    Count_reg[3]/C
Low Pulse Width   Slow    FDRE/C   n/a            0.500         12.000      11.500     SLICE_X43Y2    Count_reg[4]/C
Low Pulse Width   Fast    FDRE/C   n/a            0.500         12.000      11.500     SLICE_X43Y2    Count_reg[4]/C
High Pulse Width  Slow    FDRE/C   n/a            0.500         8.000       7.500      SLICE_X43Y2    Count_reg[0]/C
High Pulse Width  Slow    FDRE/C   n/a            0.500         8.000       7.500      SLICE_X43Y2    Count_reg[1]/C
High Pulse Width  Slow    FDRE/C   n/a            0.500         8.000       7.500      SLICE_X43Y2    Count_reg[2]/C
High Pulse Width  Slow    FDRE/C   n/a            0.500         8.000       7.500      SLICE_X43Y2    Count_reg[3]/C
High Pulse Width  Slow    FDRE/C   n/a            0.500         8.000       7.500      SLICE_X43Y2    Count_reg[4]/C
High Pulse Width  Slow    FDRE/C   n/a            0.500         8.000       7.500      SLICE_X43Y2    Count_reg[5]/C
High Pulse Width  Fast    FDRE/C   n/a            0.500         8.000       7.500      SLICE_X43Y2    Count_reg[0]/C
High Pulse Width  Fast    FDRE/C   n/a            0.500         8.000       7.500      SLICE_X43Y2    Count_reg[1]/C
High Pulse Width  Fast    FDRE/C   n/a            0.500         8.000       7.500      SLICE_X43Y2    Count_reg[2]/C
High Pulse Width  Fast    FDRE/C   n/a            0.500         8.000       7.500      SLICE_X43Y2    Count_reg[3]/C



