
*** Running vivado
    with args -log tlc_fsm_tb.vdi -applog -m64 -product Vivado -messageDb vivado.pb -mode batch -source tlc_fsm_tb.tcl -notrace


****** Vivado v2018.3 (64-bit)
  **** SW Build 2405991 on Thu Dec  6 23:36:41 MST 2018
  **** IP Build 2404404 on Fri Dec  7 01:43:56 MST 2018
    ** Copyright 1986-2018 Xilinx, Inc. All Rights Reserved.

source tlc_fsm_tb.tcl -notrace
Command: link_design -top tlc_fsm_tb -part xc7z010iclg225-1L
Design is defaulting to srcset: sources_1
Design is defaulting to constrset: constrs_1
INFO: [Project 1-479] Netlist was created with Vivado 2018.3
INFO: [Device 21-403] Loading part xc7z010iclg225-1L
INFO: [Project 1-570] Preparing netlist for logic optimization
Parsing XDC File [/home/cedar/lab11/tlc_controller.xdc]
WARNING: [Vivado 12-584] No ports matched 'farmSignal[0]'. [/home/cedar/lab11/tlc_controller.xdc:3]
CRITICAL WARNING: [Common 17-55] 'set_property' expects at least one object. [/home/cedar/lab11/tlc_controller.xdc:3]
Resolution: If [get_<value>] was used to populate the object, check to make sure this command returns at least one valid object.
WARNING: [Vivado 12-584] No ports matched 'farmSignal[0]'. [/home/cedar/lab11/tlc_controller.xdc:4]
CRITICAL WARNING: [Common 17-55] 'set_property' expects at least one object. [/home/cedar/lab11/tlc_controller.xdc:4]
Resolution: If [get_<value>] was used to populate the object, check to make sure this command returns at least one valid object.
WARNING: [Vivado 12-584] No ports matched 'farmSignal[1]'. [/home/cedar/lab11/tlc_controller.xdc:7]
CRITICAL WARNING: [Common 17-55] 'set_property' expects at least one object. [/home/cedar/lab11/tlc_controller.xdc:7]
Resolution: If [get_<value>] was used to populate the object, check to make sure this command returns at least one valid object.
WARNING: [Vivado 12-584] No ports matched 'farmSignal[1]'. [/home/cedar/lab11/tlc_controller.xdc:8]
CRITICAL WARNING: [Common 17-55] 'set_property' expects at least one object. [/home/cedar/lab11/tlc_controller.xdc:8]
Resolution: If [get_<value>] was used to populate the object, check to make sure this command returns at least one valid object.
WARNING: [Vivado 12-584] No ports matched 'highwaySignal[0]'. [/home/cedar/lab11/tlc_controller.xdc:11]
CRITICAL WARNING: [Common 17-55] 'set_property' expects at least one object. [/home/cedar/lab11/tlc_controller.xdc:11]
Resolution: If [get_<value>] was used to populate the object, check to make sure this command returns at least one valid object.
WARNING: [Vivado 12-584] No ports matched 'highwaySignal[0]'. [/home/cedar/lab11/tlc_controller.xdc:12]
CRITICAL WARNING: [Common 17-55] 'set_property' expects at least one object. [/home/cedar/lab11/tlc_controller.xdc:12]
Resolution: If [get_<value>] was used to populate the object, check to make sure this command returns at least one valid object.
WARNING: [Vivado 12-584] No ports matched 'highwaySignal[1]'. [/home/cedar/lab11/tlc_controller.xdc:15]
CRITICAL WARNING: [Common 17-55] 'set_property' expects at least one object. [/home/cedar/lab11/tlc_controller.xdc:15]
Resolution: If [get_<value>] was used to populate the object, check to make sure this command returns at least one valid object.
WARNING: [Vivado 12-584] No ports matched 'highwaySignal[1]'. [/home/cedar/lab11/tlc_controller.xdc:16]
CRITICAL WARNING: [Common 17-55] 'set_property' expects at least one object. [/home/cedar/lab11/tlc_controller.xdc:16]
Resolution: If [get_<value>] was used to populate the object, check to make sure this command returns at least one valid object.
WARNING: [Vivado 12-584] No ports matched 'JB[0]'. [/home/cedar/lab11/tlc_controller.xdc:22]
CRITICAL WARNING: [Common 17-55] 'set_property' expects at least one object. [/home/cedar/lab11/tlc_controller.xdc:22]
Resolution: If [get_<value>] was used to populate the object, check to make sure this command returns at least one valid object.
WARNING: [Vivado 12-584] No ports matched 'JB[0]'. [/home/cedar/lab11/tlc_controller.xdc:23]
CRITICAL WARNING: [Common 17-55] 'set_property' expects at least one object. [/home/cedar/lab11/tlc_controller.xdc:23]
Resolution: If [get_<value>] was used to populate the object, check to make sure this command returns at least one valid object.
WARNING: [Vivado 12-584] No ports matched 'JB[1]'. [/home/cedar/lab11/tlc_controller.xdc:26]
CRITICAL WARNING: [Common 17-55] 'set_property' expects at least one object. [/home/cedar/lab11/tlc_controller.xdc:26]
Resolution: If [get_<value>] was used to populate the object, check to make sure this command returns at least one valid object.
WARNING: [Vivado 12-584] No ports matched 'JB[1]'. [/home/cedar/lab11/tlc_controller.xdc:27]
CRITICAL WARNING: [Common 17-55] 'set_property' expects at least one object. [/home/cedar/lab11/tlc_controller.xdc:27]
Resolution: If [get_<value>] was used to populate the object, check to make sure this command returns at least one valid object.
WARNING: [Vivado 12-584] No ports matched 'JB[2]'. [/home/cedar/lab11/tlc_controller.xdc:30]
CRITICAL WARNING: [Common 17-55] 'set_property' expects at least one object. [/home/cedar/lab11/tlc_controller.xdc:30]
Resolution: If [get_<value>] was used to populate the object, check to make sure this command returns at least one valid object.
WARNING: [Vivado 12-584] No ports matched 'JB[2]'. [/home/cedar/lab11/tlc_controller.xdc:31]
CRITICAL WARNING: [Common 17-55] 'set_property' expects at least one object. [/home/cedar/lab11/tlc_controller.xdc:31]
Resolution: If [get_<value>] was used to populate the object, check to make sure this command returns at least one valid object.
WARNING: [Vivado 12-584] No ports matched 'JB[3]'. [/home/cedar/lab11/tlc_controller.xdc:34]
CRITICAL WARNING: [Common 17-55] 'set_property' expects at least one object. [/home/cedar/lab11/tlc_controller.xdc:34]
Resolution: If [get_<value>] was used to populate the object, check to make sure this command returns at least one valid object.
WARNING: [Vivado 12-584] No ports matched 'JB[3]'. [/home/cedar/lab11/tlc_controller.xdc:35]
CRITICAL WARNING: [Common 17-55] 'set_property' expects at least one object. [/home/cedar/lab11/tlc_controller.xdc:35]
Resolution: If [get_<value>] was used to populate the object, check to make sure this command returns at least one valid object.
WARNING: [Vivado 12-584] No ports matched 'Rst'. [/home/cedar/lab11/tlc_controller.xdc:39]
CRITICAL WARNING: [Common 17-55] 'set_property' expects at least one object. [/home/cedar/lab11/tlc_controller.xdc:39]
Resolution: If [get_<value>] was used to populate the object, check to make sure this command returns at least one valid object.
WARNING: [Vivado 12-584] No ports matched 'Rst'. [/home/cedar/lab11/tlc_controller.xdc:40]
CRITICAL WARNING: [Common 17-55] 'set_property' expects at least one object. [/home/cedar/lab11/tlc_controller.xdc:40]
Resolution: If [get_<value>] was used to populate the object, check to make sure this command returns at least one valid object.
WARNING: [Vivado 12-584] No ports matched 'Clk'. [/home/cedar/lab11/tlc_controller.xdc:48]
CRITICAL WARNING: [Common 17-55] 'set_property' expects at least one object. [/home/cedar/lab11/tlc_controller.xdc:48]
Resolution: If [get_<value>] was used to populate the object, check to make sure this command returns at least one valid object.
WARNING: [Vivado 12-584] No ports matched 'Clk'. [/home/cedar/lab11/tlc_controller.xdc:49]
CRITICAL WARNING: [Common 17-55] 'set_property' expects at least one object. [/home/cedar/lab11/tlc_controller.xdc:49]
Resolution: If [get_<value>] was used to populate the object, check to make sure this command returns at least one valid object.
WARNING: [Vivado 12-584] No ports matched 'Clk'. [/home/cedar/lab11/tlc_controller.xdc:50]
CRITICAL WARNING: [Vivado 12-4739] create_clock:No valid object(s) found for '-objects [get_ports Clk]'. [/home/cedar/lab11/tlc_controller.xdc:50]
Resolution: Check if the specified object(s) exists in the current design. If it does, ensure that the correct design hierarchy was specified for the object. If you are working with clocks, make sure create_clock was used to create the clock object before it is referenced.
Finished Parsing XDC File [/home/cedar/lab11/tlc_controller.xdc]
INFO: [Opt 31-138] Pushed 0 inverter(s) to 0 load pin(s).
Netlist sorting complete. Time (s): cpu = 00:00:00 ; elapsed = 00:00:00 . Memory (MB): peak = 1476.590 ; gain = 0.000 ; free physical = 869 ; free virtual = 4605
INFO: [Project 1-111] Unisim Transformation Summary:
No Unisim elements were transformed.

5 Infos, 21 Warnings, 21 Critical Warnings and 0 Errors encountered.
link_design completed successfully
link_design: Time (s): cpu = 00:00:05 ; elapsed = 00:00:06 . Memory (MB): peak = 1476.590 ; gain = 133.320 ; free physical = 869 ; free virtual = 4605
Command: opt_design
Attempting to get a license for feature 'Implementation' and/or device 'xc7z010i'
INFO: [Common 17-349] Got license for feature 'Implementation' and/or device 'xc7z010i'
Running DRC as a precondition to command opt_design

Starting DRC Task
INFO: [DRC 23-27] Running DRC with 8 threads
INFO: [Project 1-461] DRC finished with 0 Errors
INFO: [Project 1-462] Please refer to the DRC report (report_drc) for more information.

Time (s): cpu = 00:00:00.10 ; elapsed = 00:00:00.15 . Memory (MB): peak = 1541.621 ; gain = 65.031 ; free physical = 867 ; free virtual = 4604

Starting Cache Timing Information Task
INFO: [Timing 38-35] Done setting XDC timing constraints.
Ending Cache Timing Information Task | Checksum: 0b1a8daf

Time (s): cpu = 00:00:10 ; elapsed = 00:00:10 . Memory (MB): peak = 1935.184 ; gain = 393.562 ; free physical = 498 ; free virtual = 4234

Starting Logic Optimization Task

Phase 1 Retarget
INFO: [Opt 31-138] Pushed 0 inverter(s) to 0 load pin(s).
INFO: [Opt 31-49] Retargeted 0 cell(s).
Phase 1 Retarget | Checksum: 0b1a8daf

Time (s): cpu = 00:00:00.01 ; elapsed = 00:00:00.02 . Memory (MB): peak = 1995.184 ; gain = 0.000 ; free physical = 430 ; free virtual = 4166
INFO: [Opt 31-389] Phase Retarget created 0 cells and removed 0 cells

Phase 2 Constant propagation
INFO: [Opt 31-138] Pushed 0 inverter(s) to 0 load pin(s).
Phase 2 Constant propagation | Checksum: 0b1a8daf

Time (s): cpu = 00:00:00.01 ; elapsed = 00:00:00.02 . Memory (MB): peak = 1995.184 ; gain = 0.000 ; free physical = 430 ; free virtual = 4166
INFO: [Opt 31-389] Phase Constant propagation created 0 cells and removed 0 cells

Phase 3 Sweep
Phase 3 Sweep | Checksum: 0b1a8daf

Time (s): cpu = 00:00:00.01 ; elapsed = 00:00:00.02 . Memory (MB): peak = 1995.184 ; gain = 0.000 ; free physical = 430 ; free virtual = 4166
INFO: [Opt 31-389] Phase Sweep created 0 cells and removed 0 cells

Phase 4 BUFG optimization
Phase 4 BUFG optimization | Checksum: 0b1a8daf

Time (s): cpu = 00:00:00.01 ; elapsed = 00:00:00.02 . Memory (MB): peak = 1995.184 ; gain = 0.000 ; free physical = 430 ; free virtual = 4166
INFO: [Opt 31-662] Phase BUFG optimization created 0 cells of which 0 are BUFGs and removed 0 cells.

Phase 5 Shift Register Optimization
Phase 5 Shift Register Optimization | Checksum: 0b1a8daf

Time (s): cpu = 00:00:00.02 ; elapsed = 00:00:00.03 . Memory (MB): peak = 1995.184 ; gain = 0.000 ; free physical = 430 ; free virtual = 4166
INFO: [Opt 31-389] Phase Shift Register Optimization created 0 cells and removed 0 cells

Phase 6 Post Processing Netlist
Phase 6 Post Processing Netlist | Checksum: 0b1a8daf

Time (s): cpu = 00:00:00.02 ; elapsed = 00:00:00.03 . Memory (MB): peak = 1995.184 ; gain = 0.000 ; free physical = 430 ; free virtual = 4166
INFO: [Opt 31-389] Phase Post Processing Netlist created 0 cells and removed 0 cells
Opt_design Change Summary
=========================


-------------------------------------------------------------------------------------------------------------------------
|  Phase                        |  #Cells created  |  #Cells Removed  |  #Constrained objects preventing optimizations  |
-------------------------------------------------------------------------------------------------------------------------
|  Retarget                     |               0  |               0  |                                              0  |
|  Constant propagation         |               0  |               0  |                                              0  |
|  Sweep                        |               0  |               0  |                                              0  |
|  BUFG optimization            |               0  |               0  |                                              0  |
|  Shift Register Optimization  |               0  |               0  |                                              0  |
|  Post Processing Netlist      |               0  |               0  |                                              0  |
-------------------------------------------------------------------------------------------------------------------------



Starting Connectivity Check Task

Time (s): cpu = 00:00:00 ; elapsed = 00:00:00 . Memory (MB): peak = 1995.184 ; gain = 0.000 ; free physical = 430 ; free virtual = 4166
Ending Logic Optimization Task | Checksum: 0b1a8daf

Time (s): cpu = 00:00:00.02 ; elapsed = 00:00:00.03 . Memory (MB): peak = 1995.184 ; gain = 0.000 ; free physical = 430 ; free virtual = 4166

Starting Power Optimization Task
INFO: [Pwropt 34-132] Skipping clock gating for clocks with a period < 2.00 ns.
Ending Power Optimization Task | Checksum: 0b1a8daf

Time (s): cpu = 00:00:00.01 ; elapsed = 00:00:00.03 . Memory (MB): peak = 1995.184 ; gain = 0.000 ; free physical = 429 ; free virtual = 4166

Starting Final Cleanup Task
Ending Final Cleanup Task | Checksum: 0b1a8daf

Time (s): cpu = 00:00:00 ; elapsed = 00:00:00 . Memory (MB): peak = 1995.184 ; gain = 0.000 ; free physical = 429 ; free virtual = 4166

Starting Netlist Obfuscation Task
Netlist sorting complete. Time (s): cpu = 00:00:00 ; elapsed = 00:00:00 . Memory (MB): peak = 1995.184 ; gain = 0.000 ; free physical = 429 ; free virtual = 4166
Ending Netlist Obfuscation Task | Checksum: 0b1a8daf

Time (s): cpu = 00:00:00 ; elapsed = 00:00:00 . Memory (MB): peak = 1995.184 ; gain = 0.000 ; free physical = 429 ; free virtual = 4166
INFO: [Common 17-83] Releasing license: Implementation
21 Infos, 21 Warnings, 21 Critical Warnings and 0 Errors encountered.
opt_design completed successfully
opt_design: Time (s): cpu = 00:00:11 ; elapsed = 00:00:12 . Memory (MB): peak = 1995.184 ; gain = 518.594 ; free physical = 429 ; free virtual = 4166
Netlist sorting complete. Time (s): cpu = 00:00:00 ; elapsed = 00:00:00 . Memory (MB): peak = 1995.184 ; gain = 0.000 ; free physical = 429 ; free virtual = 4166
INFO: [Timing 38-480] Writing timing data to binary archive.
Netlist sorting complete. Time (s): cpu = 00:00:00 ; elapsed = 00:00:00 . Memory (MB): peak = 2027.199 ; gain = 0.000 ; free physical = 426 ; free virtual = 4163
INFO: [Common 17-1381] The checkpoint '/home/cedar/lab11/lab11.runs/impl_1/tlc_fsm_tb_opt.dcp' has been generated.
INFO: [runtcl-4] Executing : report_drc -file tlc_fsm_tb_drc_opted.rpt -pb tlc_fsm_tb_drc_opted.pb -rpx tlc_fsm_tb_drc_opted.rpx
Command: report_drc -file tlc_fsm_tb_drc_opted.rpt -pb tlc_fsm_tb_drc_opted.pb -rpx tlc_fsm_tb_drc_opted.rpx
INFO: [IP_Flow 19-234] Refreshing IP repositories
INFO: [IP_Flow 19-1704] No user IP repositories specified
INFO: [IP_Flow 19-2313] Loaded Vivado IP repository '/home/cedar/Xilinx/Vivado/2018.3/data/ip'.
INFO: [DRC 23-27] Running DRC with 8 threads
INFO: [Coretcl 2-168] The results of DRC are in file /home/cedar/lab11/lab11.runs/impl_1/tlc_fsm_tb_drc_opted.rpt.
report_drc completed successfully
Command: place_design
Attempting to get a license for feature 'Implementation' and/or device 'xc7z010i'
INFO: [Common 17-349] Got license for feature 'Implementation' and/or device 'xc7z010i'
INFO: [DRC 23-27] Running DRC with 8 threads
INFO: [Vivado_Tcl 4-198] DRC finished with 0 Errors
INFO: [Vivado_Tcl 4-199] Please refer to the DRC report (report_drc) for more information.
Running DRC as a precondition to command place_design
INFO: [DRC 23-27] Running DRC with 8 threads
INFO: [Vivado_Tcl 4-198] DRC finished with 0 Errors
INFO: [Vivado_Tcl 4-199] Please refer to the DRC report (report_drc) for more information.

Starting Placer Task
INFO: [Place 30-611] Multithreading enabled for place_design using a maximum of 8 CPUs

Phase 1 Placer Initialization

Phase 1.1 Placer Initialization Netlist Sorting
Netlist sorting complete. Time (s): cpu = 00:00:00 ; elapsed = 00:00:00 . Memory (MB): peak = 2096.305 ; gain = 0.000 ; free physical = 388 ; free virtual = 4125
Phase 1.1 Placer Initialization Netlist Sorting | Checksum: 00000000

Time (s): cpu = 00:00:00.01 ; elapsed = 00:00:00.03 . Memory (MB): peak = 2096.305 ; gain = 0.000 ; free physical = 388 ; free virtual = 4125
Phase 1 Placer Initialization | Checksum: 00000000

Time (s): cpu = 00:00:00.01 ; elapsed = 00:00:00.04 . Memory (MB): peak = 2096.305 ; gain = 0.000 ; free physical = 388 ; free virtual = 4125
ERROR: [Place 30-494] The design is empty
Resolution: Check if opt_design has removed all the leaf cells of your design.  Check whether you have instantiated and connected all of the top level ports.
Ending Placer Task | Checksum: 00000000

Time (s): cpu = 00:00:00.01 ; elapsed = 00:00:00.04 . Memory (MB): peak = 2096.305 ; gain = 0.000 ; free physical = 388 ; free virtual = 4125
INFO: [Common 17-83] Releasing license: Implementation
38 Infos, 21 Warnings, 21 Critical Warnings and 2 Errors encountered.
place_design failed
ERROR: [Common 17-69] Command failed: Placer could not place all instances
INFO: [Common 17-206] Exiting Vivado at Wed Nov 18 11:25:05 2020...
